2025-07-26 20:37:09,904 [INFO] 从 appendix_hk.json 加载了 69 只港股
2025-07-26 20:37:09,904 [INFO] 开始抓取 69 只港股，日期范围: 20230101 → 20250725
2025-07-26 20:37:09,904 [INFO] 输出目录: /Users/rehuang/Documents/GitHub/StockTradebyZ/hk_data
2025-07-26 20:37:11,668 [INFO] 港股 00005 保存完成，共 627 条记录
2025-07-26 20:37:11,799 [INFO] 港股 00700 保存完成，共 627 条记录
2025-07-26 20:37:11,910 [INFO] 港股 00939 保存完成，共 627 条记录
2025-07-26 20:37:12,653 [INFO] 港股 01299 保存完成，共 627 条记录
2025-07-26 20:37:13,453 [INFO] 港股 00388 保存完成，共 627 条记录
2025-07-26 20:37:13,558 [INFO] 港股 02318 保存完成，共 627 条记录
2025-07-26 20:37:13,623 [INFO] 港股 00175 保存完成，共 627 条记录
2025-07-26 20:37:15,019 [INFO] 港股 01398 保存完成，共 627 条记录
2025-07-26 20:37:15,203 [INFO] 港股 02628 保存完成，共 627 条记录
2025-07-26 20:37:15,630 [INFO] 港股 03988 保存完成，共 627 条记录
2025-07-26 20:37:16,383 [INFO] 港股 00883 保存完成，共 627 条记录
2025-07-26 20:37:16,677 [INFO] 港股 01109 保存完成，共 627 条记录
2025-07-26 20:37:17,178 [INFO] 港股 00981 保存完成，共 627 条记录
2025-07-26 20:37:17,871 [INFO] 港股 01024 保存完成，共 627 条记录
2025-07-26 20:37:18,538 [INFO] 港股 00016 保存完成，共 627 条记录
2025-07-26 20:37:19,317 [INFO] 港股 00027 保存完成，共 627 条记录
2025-07-26 20:37:19,376 [INFO] 港股 02269 保存完成，共 627 条记录
2025-07-26 20:37:19,503 [INFO] 港股 01211 保存完成，共 627 条记录
2025-07-26 20:37:20,442 [INFO] 港股 00688 保存完成，共 627 条记录
2025-07-26 20:37:20,637 [INFO] 港股 00992 保存完成，共 627 条记录
2025-07-26 20:37:20,637 [INFO] 港股 01810 保存完成，共 627 条记录
2025-07-26 20:37:21,196 [INFO] 港股 01038 保存完成，共 627 条记录
2025-07-26 20:37:22,317 [INFO] 港股 01177 保存完成，共 627 条记录
2025-07-26 20:37:22,335 [INFO] 港股 01093 保存完成，共 627 条记录
2025-07-26 20:37:22,671 [WARNING] 港股 001 第 1 次抓取失败: 'NoneType' object is not subscriptable
2025-07-26 20:37:24,035 [INFO] 港股 00003 保存完成，共 627 条记录
2025-07-26 20:37:24,349 [INFO] 港股 00002 保存完成，共 627 条记录
2025-07-26 20:37:25,056 [INFO] 港股 00006 保存完成，共 627 条记录
2025-07-26 20:37:26,018 [INFO] 港股 00012 保存完成，共 627 条记录
2025-07-26 20:37:26,177 [INFO] 港股 00011 保存完成，共 627 条记录
2025-07-26 20:37:27,008 [INFO] 港股 00017 保存完成，共 625 条记录
2025-07-26 20:37:27,516 [INFO] 港股 00019 保存完成，共 627 条记录
2025-07-26 20:37:28,471 [INFO] 港股 00023 保存完成，共 627 条记录
2025-07-26 20:37:29,562 [INFO] 港股 00066 保存完成，共 627 条记录
2025-07-26 20:37:29,715 [WARNING] 港股 001 第 2 次抓取失败: 'NoneType' object is not subscriptable
2025-07-26 20:37:30,477 [INFO] 港股 00101 保存完成，共 627 条记录
2025-07-26 20:37:30,711 [INFO] 港股 00267 保存完成，共 627 条记录
2025-07-26 20:37:31,834 [INFO] 港股 00288 保存完成，共 627 条记录
2025-07-26 20:37:32,288 [INFO] 港股 00386 保存完成，共 627 条记录
2025-07-26 20:37:33,697 [INFO] 港股 00669 保存完成，共 627 条记录
2025-07-26 20:37:34,038 [INFO] 港股 00762 保存完成，共 627 条记录
2025-07-26 20:37:34,597 [INFO] 港股 00823 保存完成，共 626 条记录
2025-07-26 20:37:34,723 [INFO] 港股 00857 保存完成，共 627 条记录
2025-07-26 20:37:35,559 [INFO] 港股 00868 保存完成，共 627 条记录
2025-07-26 20:37:36,336 [INFO] 港股 00968 保存完成，共 627 条记录
2025-07-26 20:37:36,789 [INFO] 港股 00941 保存完成，共 627 条记录
2025-07-26 20:37:38,494 [INFO] 港股 01088 保存完成，共 627 条记录
2025-07-26 20:37:38,494 [INFO] 港股 01044 保存完成，共 627 条记录
2025-07-26 20:37:39,191 [INFO] 港股 01099 保存完成，共 627 条记录
2025-07-26 20:37:39,378 [INFO] 港股 01113 保存完成，共 627 条记录
2025-07-26 20:37:40,630 [INFO] 港股 01171 保存完成，共 627 条记录
2025-07-26 20:37:41,200 [INFO] 港股 01114 保存完成，共 321 条记录
2025-07-26 20:37:41,512 [INFO] 港股 01199 保存完成，共 627 条记录
2025-07-26 20:37:41,956 [INFO] 港股 01800 保存完成，共 627 条记录
2025-07-26 20:37:42,811 [WARNING] 港股 001 第 3 次抓取失败: 'NoneType' object is not subscriptable
2025-07-26 20:37:42,812 [ERROR] 港股 001 最终抓取失败
2025-07-26 20:37:42,813 [WARNING] 港股 001 无新数据
2025-07-26 20:37:42,917 [INFO] 港股 01928 保存完成，共 627 条记录
2025-07-26 20:37:43,547 [INFO] 港股 01833 保存完成，共 617 条记录
2025-07-26 20:37:44,032 [INFO] 港股 01997 保存完成，共 627 条记录
2025-07-26 20:37:44,099 [INFO] 港股 02007 保存完成，共 429 条记录
2025-07-26 20:37:44,613 [INFO] 港股 02020 保存完成，共 627 条记录
2025-07-26 20:37:45,915 [INFO] 港股 02382 保存完成，共 627 条记录
2025-07-26 20:37:45,918 [INFO] 港股 02388 保存完成，共 627 条记录
2025-07-26 20:37:46,191 [INFO] 港股 02888 保存完成，共 627 条记录
2025-07-26 20:37:46,727 [INFO] 港股 03968 保存完成，共 627 条记录
2025-07-26 20:37:47,419 [INFO] 港股 03328 保存完成，共 627 条记录
2025-07-26 20:37:47,625 [INFO] 港股 06098 保存完成，共 627 条记录
2025-07-26 20:37:48,351 [INFO] 港股 06862 保存完成，共 627 条记录
2025-07-26 20:37:49,126 [INFO] 港股 09888 保存完成，共 627 条记录
2025-07-26 20:37:49,278 [INFO] 港股 09618 保存完成，共 627 条记录
2025-07-26 20:37:50,396 [INFO] 港股 09961 保存完成，共 627 条记录
2025-07-26 20:37:50,605 [INFO] 港股 09988 保存完成，共 627 条记录
2025-07-26 20:37:50,606 [INFO] 港股数据抓取完成！
2025-07-26 20:37:50,606 [INFO] 成功: 69 只，失败: 0 只
2025-07-26 20:37:50,607 [INFO] 数据保存至: /Users/rehuang/Documents/GitHub/StockTradebyZ/hk_data
