2025-07-20 20:33:06,841 [INFO] 未指定 --date，使用最近日期 2025-07-18
2025-07-20 20:33:27,318 [INFO] 
2025-07-20 20:33:27,318 [INFO] ============== 选股结果 [少妇战法] ==============
2025-07-20 20:33:27,318 [INFO] 交易日: 2025-07-18
2025-07-20 20:33:27,319 [INFO] 符合条件股票数: 16
2025-07-20 20:33:27,319 [INFO] 002438, 601169, 600908, 600502, 000823, 600273, 000001, 601916, 600360, 600000, 600015, 601939, 600569, 601997, 600901, 603615
2025-07-20 20:33:31,627 [INFO] 
2025-07-20 20:33:31,627 [INFO] ============== 选股结果 [补票战法] ==============
2025-07-20 20:33:31,627 [INFO] 交易日: 2025-07-18
2025-07-20 20:33:31,627 [INFO] 符合条件股票数: 0
2025-07-20 20:33:31,627 [INFO] 无符合条件股票
2025-07-20 20:33:33,786 [INFO] 
2025-07-20 20:33:33,786 [INFO] ============== 选股结果 [TePu战法] ==============
2025-07-20 20:33:33,787 [INFO] 交易日: 2025-07-18
2025-07-20 20:33:33,787 [INFO] 符合条件股票数: 1
2025-07-20 20:33:33,787 [INFO] 002024
2025-07-20 20:33:36,279 [INFO] 
2025-07-20 20:33:36,279 [INFO] ============== 选股结果 [填坑战法] ==============
2025-07-20 20:33:36,279 [INFO] 交易日: 2025-07-18
2025-07-20 20:33:36,279 [INFO] 符合条件股票数: 6
2025-07-20 20:33:36,279 [INFO] 001269, 600106, 000530, 002181, 600876, 603002
2025-07-21 09:52:37,522 [INFO] 未指定 --date，使用最近日期 2025-07-18
2025-07-21 09:52:45,198 [INFO] 
2025-07-21 09:52:45,199 [INFO] ============== 选股结果 [少妇战法] ==============
2025-07-21 09:52:45,199 [INFO] 交易日: 2025-07-18
2025-07-21 09:52:45,199 [INFO] 符合条件股票数: 21
2025-07-21 09:52:45,199 [INFO] 002438, 601169, 600908, 301175, 600502, 000823, 600273, 601555, 000001, 601916, 600360, 600000, 600015, 601939, 600569, 601997, 600901, 601162, 603615, 300138, 601199
2025-07-21 09:52:51,198 [INFO] 
2025-07-21 09:52:51,198 [INFO] ============== 选股结果 [补票战法] ==============
2025-07-21 09:52:51,198 [INFO] 交易日: 2025-07-18
2025-07-21 09:52:51,198 [INFO] 符合条件股票数: 0
2025-07-21 09:52:51,198 [INFO] 无符合条件股票
2025-07-21 09:52:54,160 [INFO] 
2025-07-21 09:52:54,160 [INFO] ============== 选股结果 [TePu战法] ==============
2025-07-21 09:52:54,160 [INFO] 交易日: 2025-07-18
2025-07-21 09:52:54,160 [INFO] 符合条件股票数: 2
2025-07-21 09:52:54,160 [INFO] 601199, 002024
2025-07-21 09:52:57,833 [INFO] 
2025-07-21 09:52:57,833 [INFO] ============== 选股结果 [填坑战法] ==============
2025-07-21 09:52:57,833 [INFO] 交易日: 2025-07-18
2025-07-21 09:52:57,833 [INFO] 符合条件股票数: 7
2025-07-21 09:52:57,833 [INFO] 001269, 600106, 301517, 000530, 002181, 600876, 603002
2025-07-21 10:30:40,623 [INFO] 从 appendix.json 加载了 5 只股票
2025-07-21 10:30:40,633 [INFO] 未指定 --date，使用最近日期 2025-07-18
2025-07-21 10:30:41,013 [INFO] 
2025-07-21 10:30:41,013 [INFO] ============== 选股结果 [少妇战法] ==============
2025-07-21 10:30:41,013 [INFO] 交易日: 2025-07-18
2025-07-21 10:30:41,013 [INFO] 符合条件股票数: 0
2025-07-21 10:30:41,013 [INFO] 无符合条件股票
2025-07-21 10:30:41,027 [INFO] 
2025-07-21 10:30:41,027 [INFO] ============== 选股结果 [补票战法] ==============
2025-07-21 10:30:41,027 [INFO] 交易日: 2025-07-18
2025-07-21 10:30:41,028 [INFO] 符合条件股票数: 0
2025-07-21 10:30:41,028 [INFO] 无符合条件股票
2025-07-21 10:30:41,033 [INFO] 
2025-07-21 10:30:41,033 [INFO] ============== 选股结果 [TePu战法] ==============
2025-07-21 10:30:41,033 [INFO] 交易日: 2025-07-18
2025-07-21 10:30:41,033 [INFO] 符合条件股票数: 0
2025-07-21 10:30:41,033 [INFO] 无符合条件股票
2025-07-21 10:30:41,041 [INFO] 
2025-07-21 10:30:41,041 [INFO] ============== 选股结果 [填坑战法] ==============
2025-07-21 10:30:41,041 [INFO] 交易日: 2025-07-18
2025-07-21 10:30:41,041 [INFO] 符合条件股票数: 0
2025-07-21 10:30:41,041 [INFO] 无符合条件股票
2025-07-21 10:30:58,182 [INFO] 未指定 --date，使用最近日期 2025-07-18
2025-07-21 10:30:58,458 [INFO] 
2025-07-21 10:30:58,458 [INFO] ============== 选股结果 [少妇战法] ==============
2025-07-21 10:30:58,458 [INFO] 交易日: 2025-07-18
2025-07-21 10:30:58,458 [INFO] 符合条件股票数: 1
2025-07-21 10:30:58,458 [INFO] 000001
2025-07-21 10:30:58,463 [INFO] 
2025-07-21 10:30:58,463 [INFO] ============== 选股结果 [补票战法] ==============
2025-07-21 10:30:58,463 [INFO] 交易日: 2025-07-18
2025-07-21 10:30:58,463 [INFO] 符合条件股票数: 0
2025-07-21 10:30:58,463 [INFO] 无符合条件股票
2025-07-21 10:30:58,466 [INFO] 
2025-07-21 10:30:58,466 [INFO] ============== 选股结果 [TePu战法] ==============
2025-07-21 10:30:58,466 [INFO] 交易日: 2025-07-18
2025-07-21 10:30:58,466 [INFO] 符合条件股票数: 0
2025-07-21 10:30:58,466 [INFO] 无符合条件股票
2025-07-21 10:30:58,469 [INFO] 
2025-07-21 10:30:58,472 [INFO] ============== 选股结果 [填坑战法] ==============
2025-07-21 10:30:58,472 [INFO] 交易日: 2025-07-18
2025-07-21 10:30:58,472 [INFO] 符合条件股票数: 0
2025-07-21 10:30:58,473 [INFO] 无符合条件股票
2025-07-21 10:31:27,214 [INFO] 
2025-07-21 10:31:27,214 [INFO] ============== 选股结果 [少妇战法] ==============
2025-07-21 10:31:27,214 [INFO] 交易日: 2024-12-01
2025-07-21 10:31:27,214 [INFO] 符合条件股票数: 0
2025-07-21 10:31:27,214 [INFO] 无符合条件股票
2025-07-21 10:31:27,217 [INFO] 
2025-07-21 10:31:27,217 [INFO] ============== 选股结果 [补票战法] ==============
2025-07-21 10:31:27,217 [INFO] 交易日: 2024-12-01
2025-07-21 10:31:27,217 [INFO] 符合条件股票数: 0
2025-07-21 10:31:27,217 [INFO] 无符合条件股票
2025-07-21 10:31:27,219 [INFO] 
2025-07-21 10:31:27,219 [INFO] ============== 选股结果 [TePu战法] ==============
2025-07-21 10:31:27,219 [INFO] 交易日: 2024-12-01
2025-07-21 10:31:27,219 [INFO] 符合条件股票数: 0
2025-07-21 10:31:27,219 [INFO] 无符合条件股票
2025-07-21 10:31:27,221 [INFO] 
2025-07-21 10:31:27,221 [INFO] ============== 选股结果 [填坑战法] ==============
2025-07-21 10:31:27,221 [INFO] 交易日: 2024-12-01
2025-07-21 10:31:27,221 [INFO] 符合条件股票数: 0
2025-07-21 10:31:27,221 [INFO] 无符合条件股票
2025-07-21 10:31:48,239 [INFO] 从 appendix.json 加载了 5 只股票
2025-07-21 10:31:48,513 [INFO] 
2025-07-21 10:31:48,513 [INFO] ============== 选股结果 [少妇战法] ==============
2025-07-21 10:31:48,513 [INFO] 交易日: 2024-12-01
2025-07-21 10:31:48,514 [INFO] 符合条件股票数: 0
2025-07-21 10:31:48,514 [INFO] 无符合条件股票
2025-07-21 10:31:48,523 [INFO] 
2025-07-21 10:31:48,523 [INFO] ============== 选股结果 [补票战法] ==============
2025-07-21 10:31:48,523 [INFO] 交易日: 2024-12-01
2025-07-21 10:31:48,523 [INFO] 符合条件股票数: 0
2025-07-21 10:31:48,523 [INFO] 无符合条件股票
2025-07-21 10:31:48,526 [INFO] 
2025-07-21 10:31:48,526 [INFO] ============== 选股结果 [TePu战法] ==============
2025-07-21 10:31:48,526 [INFO] 交易日: 2024-12-01
2025-07-21 10:31:48,526 [INFO] 符合条件股票数: 0
2025-07-21 10:31:48,526 [INFO] 无符合条件股票
2025-07-21 10:31:48,533 [INFO] 
2025-07-21 10:31:48,533 [INFO] ============== 选股结果 [填坑战法] ==============
2025-07-21 10:31:48,534 [INFO] 交易日: 2024-12-01
2025-07-21 10:31:48,534 [INFO] 符合条件股票数: 0
2025-07-21 10:31:48,534 [INFO] 无符合条件股票
2025-07-21 10:32:05,918 [INFO] 未指定 --date，使用最近日期 2025-07-18
2025-07-21 10:32:13,938 [INFO] 
2025-07-21 10:32:13,938 [INFO] ============== 选股结果 [少妇战法] ==============
2025-07-21 10:32:13,938 [INFO] 交易日: 2025-07-18
2025-07-21 10:32:13,938 [INFO] 符合条件股票数: 21
2025-07-21 10:32:13,939 [INFO] 002438, 601169, 600908, 301175, 600502, 000823, 600273, 601555, 000001, 601916, 600360, 600000, 600015, 601939, 600569, 601997, 600901, 601162, 603615, 300138, 601199
2025-07-21 10:32:20,510 [INFO] 
2025-07-21 10:32:20,510 [INFO] ============== 选股结果 [补票战法] ==============
2025-07-21 10:32:20,510 [INFO] 交易日: 2025-07-18
2025-07-21 10:32:20,510 [INFO] 符合条件股票数: 0
2025-07-21 10:32:20,510 [INFO] 无符合条件股票
2025-07-21 10:32:23,702 [INFO] 
2025-07-21 10:32:23,703 [INFO] ============== 选股结果 [TePu战法] ==============
2025-07-21 10:32:23,703 [INFO] 交易日: 2025-07-18
2025-07-21 10:32:23,703 [INFO] 符合条件股票数: 2
2025-07-21 10:32:23,703 [INFO] 601199, 002024
2025-07-21 10:32:27,686 [INFO] 
2025-07-21 10:32:27,686 [INFO] ============== 选股结果 [填坑战法] ==============
2025-07-21 10:32:27,687 [INFO] 交易日: 2025-07-18
2025-07-21 10:32:27,687 [INFO] 符合条件股票数: 7
2025-07-21 10:32:27,687 [INFO] 001269, 600106, 301517, 000530, 002181, 600876, 603002
2025-07-21 10:40:31,798 [INFO] 正在获取沪深300成分股列表...
2025-07-21 10:40:31,798 [ERROR] 获取沪深300成分股失败: index_stock_cons() got an unexpected keyword argument 'index'
2025-07-21 10:40:31,798 [INFO] 正在获取 A500 (中证500) 成分股列表...
2025-07-21 10:40:31,798 [ERROR] 获取 A500 成分股失败: index_stock_cons() got an unexpected keyword argument 'index'
2025-07-21 10:40:31,798 [INFO] 从 appendix.json 加载了 5 只股票
2025-07-21 10:40:31,799 [INFO] 沪深300 + A500 + appendix.json 总计 5 只股票 (沪深300: 0, A500: 0, appendix: 5)
2025-07-21 10:40:32,086 [INFO] 
2025-07-21 10:40:32,086 [INFO] ============== 选股结果 [少妇战法] ==============
2025-07-21 10:40:32,086 [INFO] 交易日: 2024-12-01
2025-07-21 10:40:32,086 [INFO] 符合条件股票数: 0
2025-07-21 10:40:32,086 [INFO] 无符合条件股票
2025-07-21 10:40:32,096 [INFO] 
2025-07-21 10:40:32,096 [INFO] ============== 选股结果 [补票战法] ==============
2025-07-21 10:40:32,096 [INFO] 交易日: 2024-12-01
2025-07-21 10:40:32,096 [INFO] 符合条件股票数: 0
2025-07-21 10:40:32,096 [INFO] 无符合条件股票
2025-07-21 10:40:32,099 [INFO] 
2025-07-21 10:40:32,100 [INFO] ============== 选股结果 [TePu战法] ==============
2025-07-21 10:40:32,100 [INFO] 交易日: 2024-12-01
2025-07-21 10:40:32,100 [INFO] 符合条件股票数: 0
2025-07-21 10:40:32,100 [INFO] 无符合条件股票
2025-07-21 10:40:32,107 [INFO] 
2025-07-21 10:40:32,107 [INFO] ============== 选股结果 [填坑战法] ==============
2025-07-21 10:40:32,107 [INFO] 交易日: 2024-12-01
2025-07-21 10:40:32,107 [INFO] 符合条件股票数: 0
2025-07-21 10:40:32,107 [INFO] 无符合条件股票
2025-07-21 10:41:47,262 [INFO] 正在获取沪深300成分股列表...
2025-07-21 10:41:49,505 [ERROR] 获取沪深300成分股失败: 'sh000300'
2025-07-21 10:41:49,505 [INFO] 使用备选沪深300股票列表 12 只
2025-07-21 10:41:49,505 [INFO] 正在获取 A500 (中证500) 成分股列表...
2025-07-21 10:41:49,578 [INFO] 使用备选A500股票列表
2025-07-21 10:41:49,579 [INFO] 获取 A500 成分股 18 只
2025-07-21 10:41:49,579 [INFO] 从 appendix.json 加载了 5 只股票
2025-07-21 10:41:49,579 [INFO] 沪深300 + A500 + appendix.json 总计 35 只股票 (沪深300: 12, A500: 18, appendix: 5)
2025-07-21 10:41:49,629 [WARNING] 002677.csv 不存在，跳过
2025-07-21 10:41:49,635 [WARNING] 300059.csv 不存在，跳过
2025-07-21 10:41:49,640 [WARNING] 300033.csv 不存在，跳过
2025-07-21 10:41:49,962 [INFO] 
2025-07-21 10:41:49,962 [INFO] ============== 选股结果 [少妇战法] ==============
2025-07-21 10:41:49,962 [INFO] 交易日: 2024-12-01
2025-07-21 10:41:49,963 [INFO] 符合条件股票数: 0
2025-07-21 10:41:49,963 [INFO] 无符合条件股票
2025-07-21 10:41:50,042 [INFO] 
2025-07-21 10:41:50,043 [INFO] ============== 选股结果 [补票战法] ==============
2025-07-21 10:41:50,043 [INFO] 交易日: 2024-12-01
2025-07-21 10:41:50,043 [INFO] 符合条件股票数: 0
2025-07-21 10:41:50,043 [INFO] 无符合条件股票
2025-07-21 10:41:50,066 [INFO] 
2025-07-21 10:41:50,066 [INFO] ============== 选股结果 [TePu战法] ==============
2025-07-21 10:41:50,066 [INFO] 交易日: 2024-12-01
2025-07-21 10:41:50,066 [INFO] 符合条件股票数: 0
2025-07-21 10:41:50,066 [INFO] 无符合条件股票
2025-07-21 10:41:50,114 [INFO] 
2025-07-21 10:41:50,114 [INFO] ============== 选股结果 [填坑战法] ==============
2025-07-21 10:41:50,114 [INFO] 交易日: 2024-12-01
2025-07-21 10:41:50,114 [INFO] 符合条件股票数: 0
2025-07-21 10:41:50,114 [INFO] 无符合条件股票
2025-07-21 10:42:15,741 [INFO] 从 appendix.json 加载了 5 只股票
2025-07-21 10:42:16,013 [INFO] 
2025-07-21 10:42:16,013 [INFO] ============== 选股结果 [少妇战法] ==============
2025-07-21 10:42:16,013 [INFO] 交易日: 2024-12-01
2025-07-21 10:42:16,013 [INFO] 符合条件股票数: 0
2025-07-21 10:42:16,013 [INFO] 无符合条件股票
2025-07-21 10:42:16,024 [INFO] 
2025-07-21 10:42:16,024 [INFO] ============== 选股结果 [补票战法] ==============
2025-07-21 10:42:16,024 [INFO] 交易日: 2024-12-01
2025-07-21 10:42:16,024 [INFO] 符合条件股票数: 0
2025-07-21 10:42:16,024 [INFO] 无符合条件股票
2025-07-21 10:42:16,026 [INFO] 
2025-07-21 10:42:16,026 [INFO] ============== 选股结果 [TePu战法] ==============
2025-07-21 10:42:16,026 [INFO] 交易日: 2024-12-01
2025-07-21 10:42:16,026 [INFO] 符合条件股票数: 0
2025-07-21 10:42:16,026 [INFO] 无符合条件股票
2025-07-21 10:42:16,034 [INFO] 
2025-07-21 10:42:16,034 [INFO] ============== 选股结果 [填坑战法] ==============
2025-07-21 10:42:16,034 [INFO] 交易日: 2024-12-01
2025-07-21 10:42:16,034 [INFO] 符合条件股票数: 0
2025-07-21 10:42:16,035 [INFO] 无符合条件股票
2025-07-21 10:42:26,944 [INFO] 正在获取沪深300成分股列表...
2025-07-21 10:42:26,970 [ERROR] 获取沪深300成分股失败: 'sh000300'
2025-07-21 10:42:26,970 [INFO] 使用备选沪深300股票列表 12 只
2025-07-21 10:42:26,970 [INFO] 正在获取 A500 (中证500) 成分股列表...
2025-07-21 10:42:30,022 [INFO] 使用备选A500股票列表
2025-07-21 10:42:30,022 [INFO] 获取 A500 成分股 18 只
2025-07-21 10:42:30,022 [INFO] 从 appendix.json 加载了 5 只股票
2025-07-21 10:42:30,022 [INFO] 沪深300 + A500 + appendix.json 总计 35 只股票 (沪深300: 12, A500: 18, appendix: 5)
2025-07-21 10:42:30,051 [WARNING] 300033.csv 不存在，跳过
2025-07-21 10:42:30,066 [WARNING] 300059.csv 不存在，跳过
2025-07-21 10:42:30,070 [WARNING] 002677.csv 不存在，跳过
2025-07-21 10:42:30,395 [INFO] 
2025-07-21 10:42:30,395 [INFO] ============== 选股结果 [少妇战法] ==============
2025-07-21 10:42:30,395 [INFO] 交易日: 2024-12-01
2025-07-21 10:42:30,395 [INFO] 符合条件股票数: 0
2025-07-21 10:42:30,395 [INFO] 无符合条件股票
2025-07-21 10:42:30,475 [INFO] 
2025-07-21 10:42:30,475 [INFO] ============== 选股结果 [补票战法] ==============
2025-07-21 10:42:30,475 [INFO] 交易日: 2024-12-01
2025-07-21 10:42:30,475 [INFO] 符合条件股票数: 0
2025-07-21 10:42:30,475 [INFO] 无符合条件股票
2025-07-21 10:42:30,498 [INFO] 
2025-07-21 10:42:30,498 [INFO] ============== 选股结果 [TePu战法] ==============
2025-07-21 10:42:30,498 [INFO] 交易日: 2024-12-01
2025-07-21 10:42:30,498 [INFO] 符合条件股票数: 0
2025-07-21 10:42:30,498 [INFO] 无符合条件股票
2025-07-21 10:42:30,543 [INFO] 
2025-07-21 10:42:30,543 [INFO] ============== 选股结果 [填坑战法] ==============
2025-07-21 10:42:30,543 [INFO] 交易日: 2024-12-01
2025-07-21 10:42:30,543 [INFO] 符合条件股票数: 0
2025-07-21 10:42:30,543 [INFO] 无符合条件股票
2025-07-21 10:44:25,588 [INFO] 正在获取沪深300成分股列表...
2025-07-21 10:44:25,652 [ERROR] 获取沪深300成分股失败: 'sh000300'
2025-07-21 10:44:25,652 [INFO] 使用备选沪深300股票列表 12 只
2025-07-21 10:44:25,652 [INFO] 正在获取 A500 (中证500) 成分股列表...
2025-07-21 10:44:25,686 [INFO] 使用备选A500股票列表
2025-07-21 10:44:25,686 [INFO] 获取 A500 成分股 18 只
2025-07-21 10:44:25,686 [INFO] 从 appendix.json 加载了 5 只股票
2025-07-21 10:44:25,686 [INFO] 沪深300 + A500 + appendix.json 总计 35 只股票 (沪深300: 12, A500: 18, appendix: 5)
2025-07-21 10:44:25,708 [WARNING] 002677.csv 不存在，跳过
2025-07-21 10:44:25,721 [WARNING] 300033.csv 不存在，跳过
2025-07-21 10:44:25,726 [WARNING] 300059.csv 不存在，跳过
2025-07-21 10:44:26,102 [INFO] 
2025-07-21 10:44:26,102 [INFO] ============== 选股结果 [少妇战法] ==============
2025-07-21 10:44:26,102 [INFO] 交易日: 2025-07-18
2025-07-21 10:44:26,102 [INFO] 符合条件股票数: 2
2025-07-21 10:44:26,102 [INFO] 600000, 000001
2025-07-21 10:44:26,175 [INFO] 
2025-07-21 10:44:26,175 [INFO] ============== 选股结果 [补票战法] ==============
2025-07-21 10:44:26,175 [INFO] 交易日: 2025-07-18
2025-07-21 10:44:26,176 [INFO] 符合条件股票数: 0
2025-07-21 10:44:26,176 [INFO] 无符合条件股票
2025-07-21 10:44:26,216 [INFO] 
2025-07-21 10:44:26,216 [INFO] ============== 选股结果 [TePu战法] ==============
2025-07-21 10:44:26,216 [INFO] 交易日: 2025-07-18
2025-07-21 10:44:26,216 [INFO] 符合条件股票数: 0
2025-07-21 10:44:26,216 [INFO] 无符合条件股票
2025-07-21 10:44:26,260 [INFO] 
2025-07-21 10:44:26,260 [INFO] ============== 选股结果 [填坑战法] ==============
2025-07-21 10:44:26,260 [INFO] 交易日: 2025-07-18
2025-07-21 10:44:26,260 [INFO] 符合条件股票数: 0
2025-07-21 10:44:26,260 [INFO] 无符合条件股票
2025-07-22 10:28:05,973 [INFO] 正在获取沪深300成分股列表...
2025-07-22 10:28:06,662 [ERROR] 获取沪深300成分股失败: 'sh000300'
2025-07-22 10:28:06,662 [INFO] 使用备选沪深300股票列表 12 只
2025-07-22 10:28:06,662 [INFO] 正在获取 A500 (中证500) 成分股列表...
2025-07-22 10:28:06,726 [INFO] 使用备选A500股票列表
2025-07-22 10:28:06,727 [INFO] 获取 A500 成分股 18 只
2025-07-22 10:28:06,727 [INFO] 从 appendix.json 加载了 1 只股票
2025-07-22 10:28:06,727 [INFO] 沪深300 + A500 + appendix.json 总计 31 只股票 (沪深300: 12, A500: 18, appendix: 1)
2025-07-22 10:28:36,328 [INFO] 
2025-07-22 10:28:36,328 [INFO] ============== 选股结果 [少妇战法] ==============
2025-07-22 10:28:36,328 [INFO] 交易日: 2025-07-21
2025-07-22 10:28:36,328 [INFO] 符合条件股票数: 1
2025-07-22 10:28:36,328 [INFO] 000001
2025-07-22 10:28:36,405 [INFO] 
2025-07-22 10:28:36,405 [INFO] ============== 选股结果 [补票战法] ==============
2025-07-22 10:28:36,405 [INFO] 交易日: 2025-07-21
2025-07-22 10:28:36,405 [INFO] 符合条件股票数: 0
2025-07-22 10:28:36,405 [INFO] 无符合条件股票
2025-07-22 10:28:36,446 [INFO] 
2025-07-22 10:28:36,446 [INFO] ============== 选股结果 [TePu战法] ==============
2025-07-22 10:28:36,446 [INFO] 交易日: 2025-07-21
2025-07-22 10:28:36,446 [INFO] 符合条件股票数: 0
2025-07-22 10:28:36,446 [INFO] 无符合条件股票
2025-07-22 10:28:36,490 [INFO] 
2025-07-22 10:28:36,490 [INFO] ============== 选股结果 [填坑战法] ==============
2025-07-22 10:28:36,490 [INFO] 交易日: 2025-07-21
2025-07-22 10:28:36,490 [INFO] 符合条件股票数: 0
2025-07-22 10:28:36,490 [INFO] 无符合条件股票
2025-07-22 10:30:52,397 [INFO] 正在获取沪深300成分股列表...
2025-07-22 10:30:52,468 [ERROR] 获取沪深300成分股失败: 'sh000300'
2025-07-22 10:30:52,468 [INFO] 使用备选沪深300股票列表 12 只
2025-07-22 10:30:52,468 [INFO] 正在获取 A500 (中证500) 成分股列表...
2025-07-22 10:30:52,532 [INFO] 使用备选A500股票列表
2025-07-22 10:30:52,532 [INFO] 获取 A500 成分股 18 只
2025-07-22 10:30:52,532 [INFO] 从 appendix.json 加载了 1 只股票
2025-07-22 10:30:52,532 [INFO] 沪深300 + A500 + appendix.json 总计 31 只股票 (沪深300: 12, A500: 18, appendix: 1)
2025-07-22 10:30:52,591 [INFO] 未指定 --date，使用最近日期 2025-07-22
2025-07-22 10:30:52,941 [INFO] 
2025-07-22 10:30:52,942 [INFO] ============== 选股结果 [少妇战法] ==============
2025-07-22 10:30:52,942 [INFO] 交易日: 2025-07-22
2025-07-22 10:30:52,942 [INFO] 符合条件股票数: 2
2025-07-22 10:30:52,942 [INFO] 600000, 000001
2025-07-22 10:30:53,011 [INFO] 
2025-07-22 10:30:53,011 [INFO] ============== 选股结果 [补票战法] ==============
2025-07-22 10:30:53,011 [INFO] 交易日: 2025-07-22
2025-07-22 10:30:53,011 [INFO] 符合条件股票数: 0
2025-07-22 10:30:53,011 [INFO] 无符合条件股票
2025-07-22 10:30:53,052 [INFO] 
2025-07-22 10:30:53,052 [INFO] ============== 选股结果 [TePu战法] ==============
2025-07-22 10:30:53,052 [INFO] 交易日: 2025-07-22
2025-07-22 10:30:53,052 [INFO] 符合条件股票数: 0
2025-07-22 10:30:53,052 [INFO] 无符合条件股票
2025-07-22 10:30:53,095 [INFO] 
2025-07-22 10:30:53,095 [INFO] ============== 选股结果 [填坑战法] ==============
2025-07-22 10:30:53,095 [INFO] 交易日: 2025-07-22
2025-07-22 10:30:53,095 [INFO] 符合条件股票数: 0
2025-07-22 10:30:53,095 [INFO] 无符合条件股票
2025-07-22 10:38:15,375 [INFO] 正在获取沪深300成分股列表...
2025-07-22 10:38:19,624 [INFO] 成功获取沪深300成分股 300 只
2025-07-22 10:38:19,625 [INFO] 正在获取 A500 (中证500) 成分股列表...
2025-07-22 10:38:20,853 [INFO] 成功获取A500成分股 500 只
2025-07-22 10:38:20,853 [INFO] 从 appendix.json 加载了 1 只股票
2025-07-22 10:38:20,853 [INFO] 沪深300 + A500 + appendix.json 总计 773 只股票 (沪深300: 300, A500: 500, appendix: 1)
2025-07-22 10:38:21,056 [WARNING] 688235.csv 不存在，跳过
2025-07-22 10:38:21,212 [WARNING] 601669.csv 不存在，跳过
2025-07-22 10:38:21,275 [WARNING] 601336.csv 不存在，跳过
2025-07-22 10:38:21,421 [WARNING] 688012.csv 不存在，跳过
2025-07-22 10:38:21,470 [WARNING] 300015.csv 不存在，跳过
2025-07-22 10:38:21,486 [WARNING] 688777.csv 不存在，跳过
2025-07-22 10:38:21,552 [WARNING] 300496.csv 不存在，跳过
2025-07-22 10:38:21,920 [INFO] 未指定 --date，使用最近日期 2025-07-22
2025-07-22 10:38:24,335 [INFO] 
2025-07-22 10:38:24,335 [INFO] ============== 选股结果 [少妇战法] ==============
2025-07-22 10:38:24,335 [INFO] 交易日: 2025-07-22
2025-07-22 10:38:24,335 [INFO] 符合条件股票数: 11
2025-07-22 10:38:24,335 [INFO] 300274, 601939, 601916, 000001, 601318, 601555, 601398, 600016, 601997, 601162, 600000
2025-07-22 10:38:25,906 [INFO] 
2025-07-22 10:38:25,907 [INFO] ============== 选股结果 [补票战法] ==============
2025-07-22 10:38:25,907 [INFO] 交易日: 2025-07-22
2025-07-22 10:38:25,907 [INFO] 符合条件股票数: 0
2025-07-22 10:38:25,907 [INFO] 无符合条件股票
2025-07-22 10:38:26,790 [INFO] 
2025-07-22 10:38:26,790 [INFO] ============== 选股结果 [TePu战法] ==============
2025-07-22 10:38:26,790 [INFO] 交易日: 2025-07-22
2025-07-22 10:38:26,790 [INFO] 符合条件股票数: 0
2025-07-22 10:38:26,790 [INFO] 无符合条件股票
2025-07-22 10:38:27,774 [INFO] 
2025-07-22 10:38:27,775 [INFO] ============== 选股结果 [填坑战法] ==============
2025-07-22 10:38:27,775 [INFO] 交易日: 2025-07-22
2025-07-22 10:38:27,775 [INFO] 符合条件股票数: 2
2025-07-22 10:38:27,775 [INFO] 300274, 300763
2025-07-22 10:40:50,486 [INFO] 正在获取沪深300成分股列表...
2025-07-22 10:40:55,727 [INFO] 成功获取沪深300成分股 300 只
2025-07-22 10:40:55,727 [INFO] 正在获取 A500 (中证500) 成分股列表...
2025-07-22 10:40:56,826 [INFO] 成功获取A500成分股 500 只
2025-07-22 10:40:56,826 [INFO] 从 appendix.json 加载了 1 只股票
2025-07-22 10:40:56,826 [INFO] 沪深300 + A500 + appendix.json 总计 773 只股票 (沪深300: 300, A500: 500, appendix: 1)
2025-07-22 10:40:56,898 [WARNING] 300496.csv 不存在，跳过
2025-07-22 10:40:56,929 [WARNING] 688777.csv 不存在，跳过
2025-07-22 10:40:57,139 [WARNING] 601669.csv 不存在，跳过
2025-07-22 10:40:57,491 [WARNING] 688235.csv 不存在，跳过
2025-07-22 10:40:57,681 [WARNING] 688012.csv 不存在，跳过
2025-07-22 10:40:57,730 [WARNING] 300015.csv 不存在，跳过
2025-07-22 10:40:57,780 [WARNING] 601336.csv 不存在，跳过
2025-07-22 10:40:57,837 [INFO] 未指定 --date，使用最近日期 2025-07-22
2025-07-22 10:41:00,132 [INFO] 
2025-07-22 10:41:00,132 [INFO] ============== 选股结果 [少妇战法] ==============
2025-07-22 10:41:00,132 [INFO] 交易日: 2025-07-22
2025-07-22 10:41:00,132 [INFO] 符合条件股票数: 11
2025-07-22 10:41:00,132 [INFO] 601162, 000001, 601939, 600000, 300274, 601997, 601318, 601398, 600016, 601916, 601555
2025-07-22 10:41:01,645 [INFO] 
2025-07-22 10:41:01,645 [INFO] ============== 选股结果 [补票战法] ==============
2025-07-22 10:41:01,645 [INFO] 交易日: 2025-07-22
2025-07-22 10:41:01,645 [INFO] 符合条件股票数: 0
2025-07-22 10:41:01,645 [INFO] 无符合条件股票
2025-07-22 10:41:02,494 [INFO] 
2025-07-22 10:41:02,494 [INFO] ============== 选股结果 [TePu战法] ==============
2025-07-22 10:41:02,494 [INFO] 交易日: 2025-07-22
2025-07-22 10:41:02,494 [INFO] 符合条件股票数: 0
2025-07-22 10:41:02,494 [INFO] 无符合条件股票
2025-07-22 10:41:03,430 [INFO] 
2025-07-22 10:41:03,430 [INFO] ============== 选股结果 [填坑战法] ==============
2025-07-22 10:41:03,430 [INFO] 交易日: 2025-07-22
2025-07-22 10:41:03,430 [INFO] 符合条件股票数: 2
2025-07-22 10:41:03,430 [INFO] 300274, 300763
2025-07-22 10:46:59,651 [INFO] 正在获取沪深300成分股列表...
2025-07-22 10:47:04,393 [INFO] 成功获取沪深300成分股 300 只
2025-07-22 10:47:04,393 [INFO] 正在获取 A500 (中证500) 成分股列表...
2025-07-22 10:47:05,593 [INFO] 成功获取A500成分股 500 只
2025-07-22 10:47:05,594 [INFO] 从 appendix.json 加载了 1 只股票
2025-07-22 10:47:05,594 [INFO] 沪深300 + A500 + appendix.json 总计 773 只股票 (沪深300: 300, A500: 500, appendix: 1)
2025-07-22 10:47:05,641 [WARNING] 601669.csv 不存在，跳过
2025-07-22 10:47:05,771 [WARNING] 688235.csv 不存在，跳过
2025-07-22 10:47:05,896 [WARNING] 300015.csv 不存在，跳过
2025-07-22 10:47:06,151 [WARNING] 688777.csv 不存在，跳过
2025-07-22 10:47:06,232 [WARNING] 601336.csv 不存在，跳过
2025-07-22 10:47:06,453 [WARNING] 688012.csv 不存在，跳过
2025-07-22 10:47:06,568 [WARNING] 300496.csv 不存在，跳过
2025-07-22 10:47:08,913 [INFO] 
2025-07-22 10:47:08,913 [INFO] ============== 选股结果 [少妇战法] ==============
2025-07-22 10:47:08,914 [INFO] 交易日: 2025-07-21
2025-07-22 10:47:08,914 [INFO] 符合条件股票数: 8
2025-07-22 10:47:08,914 [INFO] 600015, 601916, 601939, 601555, 601162, 000001, 601169, 601997
2025-07-22 10:47:10,481 [INFO] 
2025-07-22 10:47:10,482 [INFO] ============== 选股结果 [补票战法] ==============
2025-07-22 10:47:10,482 [INFO] 交易日: 2025-07-21
2025-07-22 10:47:10,482 [INFO] 符合条件股票数: 0
2025-07-22 10:47:10,482 [INFO] 无符合条件股票
2025-07-22 10:47:11,408 [INFO] 
2025-07-22 10:47:11,408 [INFO] ============== 选股结果 [TePu战法] ==============
2025-07-22 10:47:11,408 [INFO] 交易日: 2025-07-21
2025-07-22 10:47:11,408 [INFO] 符合条件股票数: 0
2025-07-22 10:47:11,408 [INFO] 无符合条件股票
2025-07-22 10:47:12,415 [INFO] 
2025-07-22 10:47:12,415 [INFO] ============== 选股结果 [填坑战法] ==============
2025-07-22 10:47:12,415 [INFO] 交易日: 2025-07-21
2025-07-22 10:47:12,415 [INFO] 符合条件股票数: 1
2025-07-22 10:47:12,415 [INFO] 300763
2025-07-22 10:55:24,556 [INFO] 正在获取沪深300成分股列表...
2025-07-22 10:55:28,600 [INFO] 成功获取沪深300成分股 300 只
2025-07-22 10:55:28,600 [INFO] 正在获取 A500 (中证500) 成分股列表...
2025-07-22 10:55:29,895 [INFO] 成功获取A500成分股 500 只
2025-07-22 10:55:29,895 [INFO] 从 appendix.json 加载了 1 只股票
2025-07-22 10:55:29,895 [INFO] 沪深300 + A500 + appendix.json 总计 773 只股票 (沪深300: 300, A500: 500, appendix: 1)
2025-07-22 10:55:29,931 [WARNING] 000111.csv 不存在，跳过
2025-07-22 10:55:33,196 [INFO] 
2025-07-22 10:55:33,196 [INFO] ============== 选股结果 [少妇战法] ==============
2025-07-22 10:55:33,196 [INFO] 交易日: 2025-07-21
2025-07-22 10:55:33,196 [INFO] 符合条件股票数: 7
2025-07-22 10:55:33,196 [INFO] 601169, 601916, 600015, 601601, 601162, 000001, 601997
2025-07-22 10:55:34,773 [INFO] 
2025-07-22 10:55:34,773 [INFO] ============== 选股结果 [补票战法] ==============
2025-07-22 10:55:34,773 [INFO] 交易日: 2025-07-21
2025-07-22 10:55:34,773 [INFO] 符合条件股票数: 0
2025-07-22 10:55:34,773 [INFO] 无符合条件股票
2025-07-22 10:55:35,659 [INFO] 
2025-07-22 10:55:35,659 [INFO] ============== 选股结果 [TePu战法] ==============
2025-07-22 10:55:35,659 [INFO] 交易日: 2025-07-21
2025-07-22 10:55:35,659 [INFO] 符合条件股票数: 0
2025-07-22 10:55:35,659 [INFO] 无符合条件股票
2025-07-22 10:55:36,645 [INFO] 
2025-07-22 10:55:36,645 [INFO] ============== 选股结果 [填坑战法] ==============
2025-07-22 10:55:36,645 [INFO] 交易日: 2025-07-21
2025-07-22 10:55:36,645 [INFO] 符合条件股票数: 1
2025-07-22 10:55:36,645 [INFO] 300763
2025-07-22 11:29:48,609 [INFO] 正在获取沪深300成分股列表...
2025-07-22 11:29:52,844 [INFO] 成功获取沪深300成分股 300 只
2025-07-22 11:29:52,844 [INFO] 正在获取 A500 (中证500) 成分股列表...
2025-07-22 11:29:54,873 [INFO] 成功获取A500成分股 500 只
2025-07-22 11:29:54,873 [INFO] 从 appendix.json 加载了 1 只股票
2025-07-22 11:29:54,873 [INFO] 沪深300 + A500 + appendix.json 总计 773 只股票 (沪深300: 300, A500: 500, appendix: 1)
2025-07-22 11:29:58,160 [INFO] 
2025-07-22 11:29:58,161 [INFO] ============== 选股结果 [少妇战法] ==============
2025-07-22 11:29:58,161 [INFO] 交易日: 2025-07-21
2025-07-22 11:29:58,161 [INFO] 符合条件股票数: 7
2025-07-22 11:29:58,161 [INFO] 600015, 601997, 601601, 000001, 601162, 601169, 601916
2025-07-22 11:29:59,783 [INFO] 
2025-07-22 11:29:59,783 [INFO] ============== 选股结果 [补票战法] ==============
2025-07-22 11:29:59,783 [INFO] 交易日: 2025-07-21
2025-07-22 11:29:59,784 [INFO] 符合条件股票数: 0
2025-07-22 11:29:59,784 [INFO] 无符合条件股票
2025-07-22 11:30:00,666 [INFO] 
2025-07-22 11:30:00,666 [INFO] ============== 选股结果 [TePu战法] ==============
2025-07-22 11:30:00,666 [INFO] 交易日: 2025-07-21
2025-07-22 11:30:00,666 [INFO] 符合条件股票数: 0
2025-07-22 11:30:00,666 [INFO] 无符合条件股票
2025-07-22 11:30:01,653 [INFO] 
2025-07-22 11:30:01,653 [INFO] ============== 选股结果 [填坑战法] ==============
2025-07-22 11:30:01,653 [INFO] 交易日: 2025-07-21
2025-07-22 11:30:01,653 [INFO] 符合条件股票数: 1
2025-07-22 11:30:01,653 [INFO] 300763
2025-07-22 15:04:22,724 [INFO] 正在获取沪深300成分股列表...
2025-07-22 15:04:27,012 [INFO] 成功获取沪深300成分股 300 只
2025-07-22 15:04:27,013 [INFO] 正在获取 A500 (中证500) 成分股列表...
2025-07-22 15:04:29,130 [INFO] 成功获取A500成分股 500 只
2025-07-22 15:04:29,131 [INFO] 从 appendix.json 加载了 1 只股票
2025-07-22 15:04:29,131 [INFO] 沪深300 + A500 + appendix.json 总计 773 只股票 (沪深300: 300, A500: 500, appendix: 1)
2025-07-22 15:04:32,765 [INFO] 
2025-07-22 15:04:32,765 [INFO] ============== 选股结果 [少妇战法] ==============
2025-07-22 15:04:32,765 [INFO] 交易日: 2025-07-22
2025-07-22 15:04:32,765 [INFO] 符合条件股票数: 8
2025-07-22 15:04:32,765 [INFO] 600000, 601398, 000001, 601318, 300274, 601162, 600016, 601997
2025-07-22 15:04:34,272 [INFO] 
2025-07-22 15:04:34,272 [INFO] ============== 选股结果 [补票战法] ==============
2025-07-22 15:04:34,272 [INFO] 交易日: 2025-07-22
2025-07-22 15:04:34,272 [INFO] 符合条件股票数: 0
2025-07-22 15:04:34,272 [INFO] 无符合条件股票
2025-07-22 15:04:35,125 [INFO] 
2025-07-22 15:04:35,125 [INFO] ============== 选股结果 [TePu战法] ==============
2025-07-22 15:04:35,125 [INFO] 交易日: 2025-07-22
2025-07-22 15:04:35,125 [INFO] 符合条件股票数: 0
2025-07-22 15:04:35,125 [INFO] 无符合条件股票
2025-07-22 15:04:36,089 [INFO] 
2025-07-22 15:04:36,089 [INFO] ============== 选股结果 [填坑战法] ==============
2025-07-22 15:04:36,089 [INFO] 交易日: 2025-07-22
2025-07-22 15:04:36,089 [INFO] 符合条件股票数: 2
2025-07-22 15:04:36,090 [INFO] 300274, 300763
2025-07-23 09:50:30,364 [INFO] 正在获取沪深300成分股列表...
2025-07-23 09:50:31,809 [INFO] 成功获取沪深300成分股 300 只
2025-07-23 09:50:31,809 [INFO] 正在获取 A500 (中证500) 成分股列表...
2025-07-23 09:50:32,277 [INFO] 成功获取A500成分股 500 只
2025-07-23 09:50:32,279 [INFO] 从 appendix.json 加载了 1 只股票
2025-07-23 09:50:32,279 [INFO] 沪深300 + A500 + appendix.json 总计 773 只股票 (沪深300: 300, A500: 500, appendix: 1)
2025-07-23 09:50:37,356 [INFO] 
2025-07-23 09:50:37,356 [INFO] ============== 选股结果 [少妇战法] ==============
2025-07-23 09:50:37,356 [INFO] 交易日: 2025-07-22
2025-07-23 09:50:37,356 [INFO] 符合条件股票数: 8
2025-07-23 09:50:37,356 [INFO] 601162, 000001, 601318, 600016, 601997, 300274, 601398, 600000
2025-07-23 09:50:38,872 [INFO] 
2025-07-23 09:50:38,872 [INFO] ============== 选股结果 [补票战法] ==============
2025-07-23 09:50:38,872 [INFO] 交易日: 2025-07-22
2025-07-23 09:50:38,872 [INFO] 符合条件股票数: 0
2025-07-23 09:50:38,872 [INFO] 无符合条件股票
2025-07-23 09:50:39,787 [INFO] 
2025-07-23 09:50:39,787 [INFO] ============== 选股结果 [TePu战法] ==============
2025-07-23 09:50:39,787 [INFO] 交易日: 2025-07-22
2025-07-23 09:50:39,787 [INFO] 符合条件股票数: 0
2025-07-23 09:50:39,787 [INFO] 无符合条件股票
2025-07-23 09:50:40,807 [INFO] 
2025-07-23 09:50:40,807 [INFO] ============== 选股结果 [填坑战法] ==============
2025-07-23 09:50:40,807 [INFO] 交易日: 2025-07-22
2025-07-23 09:50:40,807 [INFO] 符合条件股票数: 2
2025-07-23 09:50:40,807 [INFO] 300274, 300763
2025-07-26 11:26:24,724 [INFO] 正在获取沪深300成分股列表...
2025-07-26 11:26:29,011 [INFO] 成功获取沪深300成分股 300 只
2025-07-26 11:26:29,012 [INFO] 正在获取 A500 (中证500) 成分股列表...
2025-07-26 11:26:30,140 [INFO] 成功获取A500成分股 500 只
2025-07-26 11:26:30,140 [INFO] 从 appendix.json 加载了 75 只股票
2025-07-26 11:26:30,140 [INFO] 沪深300 + A500 + appendix.json 总计 811 只股票 (沪深300: 300, A500: 500, appendix: 75)
2025-07-26 11:26:31,194 [INFO] 未指定 --date，使用最近日期 2025-07-25
2025-07-26 11:26:34,145 [INFO] 
2025-07-26 11:26:34,145 [INFO] ============== 选股结果 [少妇战法] ==============
2025-07-26 11:26:34,145 [INFO] 交易日: 2025-07-25
2025-07-26 11:26:34,145 [INFO] 符合条件股票数: 2
2025-07-26 11:26:34,145 [INFO] 601668, 600276
2025-07-26 11:26:35,638 [INFO] 
2025-07-26 11:26:35,638 [INFO] ============== 选股结果 [补票战法] ==============
2025-07-26 11:26:35,638 [INFO] 交易日: 2025-07-25
2025-07-26 11:26:35,638 [INFO] 符合条件股票数: 0
2025-07-26 11:26:35,638 [INFO] 无符合条件股票
2025-07-26 11:26:36,500 [INFO] 
2025-07-26 11:26:36,501 [INFO] ============== 选股结果 [TePu战法] ==============
2025-07-26 11:26:36,501 [INFO] 交易日: 2025-07-25
2025-07-26 11:26:36,501 [INFO] 符合条件股票数: 0
2025-07-26 11:26:36,501 [INFO] 无符合条件股票
2025-07-26 11:26:37,524 [INFO] 
2025-07-26 11:26:37,524 [INFO] ============== 选股结果 [填坑战法] ==============
2025-07-26 11:26:37,524 [INFO] 交易日: 2025-07-25
2025-07-26 11:26:37,524 [INFO] 符合条件股票数: 0
2025-07-26 11:26:37,524 [INFO] 无符合条件股票
2025-07-26 16:05:10,562 [INFO] 从 appendix.json 加载了 75 只股票
2025-07-26 16:05:10,660 [ERROR] 配置文件 your_config.json 不存在
2025-07-26 16:20:10,096 [INFO] 从 appendix.json 加载了 75 只股票
2025-07-26 16:20:10,194 [ERROR] 配置文件 your_config.json 不存在
2025-07-26 16:26:25,345 [INFO] 从 appendix.json 加载了 75 只股票
2025-07-26 16:26:25,444 [INFO] BBIKDJSelector初始化完成，参数: j_threshold=1.00, j_q_threshold=0.10, bbi_q_threshold=0.10
2025-07-26 16:26:25,499 [INFO] BBIKDJSelector 共选出 0 只股票
2025-07-26 16:26:25,499 [INFO] 
2025-07-26 16:26:25,499 [INFO] ============== 选股结果 [少妇战法-标准版] ==============
2025-07-26 16:26:25,499 [INFO] 交易日: 2025-07-25
2025-07-26 16:26:25,499 [INFO] 符合条件股票数: 0
2025-07-26 16:26:25,499 [INFO] 无符合条件股票
2025-07-26 16:27:09,252 [INFO] 正在获取沪深300成分股列表...
2025-07-26 16:27:17,748 [INFO] 成功获取沪深300成分股 300 只
2025-07-26 16:27:17,748 [INFO] 正在获取 A500 (中证500) 成分股列表...
2025-07-26 16:27:18,813 [INFO] 成功获取A500成分股 500 只
2025-07-26 16:27:18,813 [INFO] 从 appendix.json 加载了 75 只股票
2025-07-26 16:27:18,813 [INFO] 沪深300 + A500 + appendix.json 总计 811 只股票 (沪深300: 300, A500: 500, appendix: 75)
2025-07-26 16:27:19,815 [INFO] BBIKDJSelector初始化完成，参数: j_threshold=1.00, j_q_threshold=0.10, bbi_q_threshold=0.10
2025-07-26 16:27:20,385 [INFO] BBIKDJSelector 共选出 0 只股票
2025-07-26 16:27:20,385 [INFO] 
2025-07-26 16:27:20,385 [INFO] ============== 选股结果 [少妇战法-标准版] ==============
2025-07-26 16:27:20,385 [INFO] 交易日: 2025-07-25
2025-07-26 16:27:20,385 [INFO] 符合条件股票数: 0
2025-07-26 16:27:20,385 [INFO] 无符合条件股票
2025-07-26 16:28:53,996 [INFO] BBIKDJSelector初始化完成，参数: j_threshold=1.00, j_q_threshold=0.10, bbi_q_threshold=0.10
2025-07-26 16:28:53,997 [INFO] BBIKDJSelector 共选出 0 只股票
2025-07-26 16:28:53,997 [INFO] 
2025-07-26 16:28:53,997 [INFO] ============== 选股结果 [少妇战法-标准版] ==============
2025-07-26 16:28:53,997 [INFO] 交易日: 2025-07-25
2025-07-26 16:28:53,997 [INFO] 符合条件股票数: 0
2025-07-26 16:28:53,997 [INFO] 无符合条件股票
2025-07-26 16:29:11,680 [INFO] BBIKDJSelector初始化完成，参数: j_threshold=1.00, j_q_threshold=0.10, bbi_q_threshold=0.10
2025-07-26 16:29:11,682 [INFO] BBIKDJSelector 共选出 0 只股票
2025-07-26 16:29:11,682 [INFO] 
2025-07-26 16:29:11,682 [INFO] ============== 选股结果 [少妇战法-标准版] ==============
2025-07-26 16:29:11,682 [INFO] 交易日: 2025-07-25
2025-07-26 16:29:11,682 [INFO] 符合条件股票数: 0
2025-07-26 16:29:11,682 [INFO] 无符合条件股票
2025-07-26 16:29:19,499 [INFO] 正在获取沪深300成分股列表...
2025-07-26 16:29:23,720 [INFO] 成功获取沪深300成分股 300 只
2025-07-26 16:29:23,721 [INFO] 正在获取 A500 (中证500) 成分股列表...
2025-07-26 16:29:24,811 [INFO] 成功获取A500成分股 500 只
2025-07-26 16:29:24,812 [INFO] 从 appendix.json 加载了 75 只股票
2025-07-26 16:29:24,812 [INFO] 沪深300 + A500 + appendix.json 总计 811 只股票 (沪深300: 300, A500: 500, appendix: 75)
2025-07-26 16:29:25,823 [INFO] BBIKDJSelector初始化完成，参数: j_threshold=1.00, j_q_threshold=0.10, bbi_q_threshold=0.10
2025-07-26 16:29:26,407 [INFO] BBIKDJSelector 共选出 0 只股票
2025-07-26 16:29:26,407 [INFO] 
2025-07-26 16:29:26,407 [INFO] ============== 选股结果 [少妇战法-标准版] ==============
2025-07-26 16:29:26,407 [INFO] 交易日: 2025-07-25
2025-07-26 16:29:26,407 [INFO] 符合条件股票数: 0
2025-07-26 16:29:26,407 [INFO] 无符合条件股票
2025-07-26 16:30:36,301 [INFO] BBIKDJSelector初始化完成，参数: j_threshold=1.00, j_q_threshold=0.10, bbi_q_threshold=0.10
2025-07-26 16:30:36,302 [INFO] BBIKDJSelector 共选出 0 只股票
2025-07-26 16:30:36,302 [INFO] 
2025-07-26 16:30:36,302 [INFO] ============== 选股结果 [少妇战法-标准版] ==============
2025-07-26 16:30:36,302 [INFO] 交易日: 2025-07-25
2025-07-26 16:30:36,302 [INFO] 符合条件股票数: 0
2025-07-26 16:30:36,302 [INFO] 无符合条件股票
2025-07-26 16:35:22,215 [INFO] 正在获取沪深300成分股列表...
2025-07-26 16:35:28,142 [INFO] 成功获取沪深300成分股 300 只
2025-07-26 16:35:28,143 [INFO] 正在获取 A500 (中证500) 成分股列表...
2025-07-26 16:35:28,600 [INFO] 成功获取A500成分股 500 只
2025-07-26 16:35:28,601 [INFO] 从 appendix.json 加载了 75 只股票
2025-07-26 16:35:28,601 [INFO] 沪深300 + A500 + appendix.json 总计 811 只股票 (沪深300: 300, A500: 500, appendix: 75)
2025-07-26 16:35:29,811 [INFO] BBIKDJSelector初始化完成，参数: j_threshold=1.00, j_q_threshold=0.10, bbi_q_threshold=0.10
2025-07-26 16:35:29,891 [INFO] BBIKDJSelector 共选出 0 只股票
2025-07-26 16:35:29,891 [INFO] 
2025-07-26 16:35:29,891 [INFO] ============== 选股结果 [少妇战法] ==============
2025-07-26 16:35:29,891 [INFO] 交易日: 2015-07-25
2025-07-26 16:35:29,891 [INFO] 符合条件股票数: 0
2025-07-26 16:35:29,891 [INFO] 无符合条件股票
2025-07-26 16:35:29,891 [ERROR] 跳过配置 {'class': 'BBIShortLongSelector', 'alias': '补票战法', 'activate': True, 'params': {'n_short': 3, 'n_long': 21, 'm': 3, 'bbi_min_window': 2, 'max_window': 60, 'bbi_q_threshold': 0.2}}：无法加载 Selector.BBIShortLongSelector: module 'Selector' has no attribute 'BBIShortLongSelector'
2025-07-26 16:35:29,891 [ERROR] 跳过配置 {'class': 'BreakoutVolumeKDJSelector', 'alias': 'TePu战法', 'activate': True, 'params': {'j_threshold': 1, 'j_q_threshold': 0.1, 'up_threshold': 3.0, 'volume_threshold': 0.6667, 'offset': 15, 'max_window': 60, 'price_range_pct': 0.5}}：无法加载 Selector.BreakoutVolumeKDJSelector: module 'Selector' has no attribute 'BreakoutVolumeKDJSelector'
2025-07-26 16:35:29,891 [ERROR] 跳过配置 {'class': 'PeakKDJSelector', 'alias': '填坑战法', 'activate': True, 'params': {'j_threshold': 10, 'max_window': 100, 'fluc_threshold': 0.03, 'j_q_threshold': 0.1, 'gap_threshold': 0.2}}：无法加载 Selector.PeakKDJSelector: module 'Selector' has no attribute 'PeakKDJSelector'
2025-07-26 16:44:02,972 [INFO] 从 appendix.json 加载了 75 只股票
2025-07-26 16:44:03,071 [ERROR] 配置文件 your_config.json 不存在
2025-07-26 16:54:43,755 [INFO] 从 appendix.json 加载了 75 只股票
2025-07-26 16:54:43,857 [INFO] 未指定 --date，使用最近日期 2025-07-25
2025-07-26 16:54:43,857 [ERROR] 配置文件 your_config.json 不存在
2025-07-26 16:54:44,101 [INFO] 从 appendix.json 加载了 75 只股票
2025-07-26 16:54:44,200 [INFO] 未指定 --date，使用最近日期 2025-07-25
2025-07-26 16:54:44,203 [INFO] BBIKDJSelector初始化完成
2025-07-26 16:54:44,257 [INFO] BBIKDJSelector 共选出 2 只股票
2025-07-26 16:54:44,257 [INFO] 
2025-07-26 16:54:44,257 [INFO] ============== 选股结果 [少妇战法测试] ==============
2025-07-26 16:54:44,257 [INFO] 交易日: 2025-07-25
2025-07-26 16:54:44,257 [INFO] 符合条件股票数: 2
2025-07-26 16:54:44,257 [INFO] 002037, 600326
2025-07-26 16:55:39,278 [INFO] 从 appendix.json 加载了 75 只股票
2025-07-26 16:55:39,378 [INFO] 未指定 --date，使用最近日期 2025-07-25
2025-07-26 16:55:39,378 [ERROR] 配置文件 config.json 不存在
2025-07-26 16:55:39,617 [INFO] 从 appendix.json 加载了 75 只股票
2025-07-26 16:55:39,716 [INFO] 未指定 --date，使用最近日期 2025-07-25
2025-07-26 16:55:39,716 [INFO] BBIKDJSelector初始化完成
2025-07-26 16:55:39,768 [INFO] BBIKDJSelector 共选出 2 只股票
2025-07-26 16:55:39,768 [INFO] 
2025-07-26 16:55:39,768 [INFO] ============== 选股结果 [少妇战法测试] ==============
2025-07-26 16:55:39,768 [INFO] 交易日: 2025-07-25
2025-07-26 16:55:39,768 [INFO] 符合条件股票数: 2
2025-07-26 16:55:39,768 [INFO] 002037, 600326
2025-07-26 16:55:42,905 [INFO] 从 appendix.json 加载了 75 只股票
2025-07-26 16:55:43,005 [INFO] 未指定 --date，使用最近日期 2025-07-25
2025-07-26 16:55:43,005 [ERROR] 配置文件 config.json 不存在
2025-07-26 16:56:28,701 [INFO] 正在获取沪深300成分股列表...
2025-07-26 16:56:33,067 [INFO] 成功获取沪深300成分股 300 只
2025-07-26 16:56:33,067 [INFO] 正在获取 A500 (中证500) 成分股列表...
2025-07-26 16:56:34,202 [INFO] 成功获取A500成分股 500 只
2025-07-26 16:56:34,202 [INFO] 从 appendix.json 加载了 75 只股票
2025-07-26 16:56:34,202 [INFO] 沪深300 + A500 + appendix.json 总计 811 只股票 (沪深300: 300, A500: 500, appendix: 75)
2025-07-26 16:56:35,213 [INFO] BBIKDJSelector初始化完成
2025-07-26 16:56:35,291 [INFO] BBIKDJSelector 共选出 0 只股票
2025-07-26 16:56:35,291 [INFO] 
2025-07-26 16:56:35,291 [INFO] ============== 选股结果 [少妇战法] ==============
2025-07-26 16:56:35,291 [INFO] 交易日: 2015-07-25
2025-07-26 16:56:35,291 [INFO] 符合条件股票数: 0
2025-07-26 16:56:35,291 [INFO] 无符合条件股票
2025-07-26 16:56:35,291 [INFO] BBIShortLongSelector初始化完成
2025-07-26 16:56:35,357 [INFO] BBIShortLongSelector 共选出 0 只股票
2025-07-26 16:56:35,357 [INFO] 
2025-07-26 16:56:35,357 [INFO] ============== 选股结果 [补票战法] ==============
2025-07-26 16:56:35,357 [INFO] 交易日: 2015-07-25
2025-07-26 16:56:35,357 [INFO] 符合条件股票数: 0
2025-07-26 16:56:35,357 [INFO] 无符合条件股票
2025-07-26 16:56:35,357 [INFO] BreakoutVolumeKDJSelector初始化完成
2025-07-26 16:56:35,423 [INFO] BreakoutVolumeKDJSelector 共选出 0 只股票
2025-07-26 16:56:35,423 [INFO] 
2025-07-26 16:56:35,423 [INFO] ============== 选股结果 [TePu战法] ==============
2025-07-26 16:56:35,424 [INFO] 交易日: 2015-07-25
2025-07-26 16:56:35,424 [INFO] 符合条件股票数: 0
2025-07-26 16:56:35,424 [INFO] 无符合条件股票
2025-07-26 16:56:35,424 [INFO] PeakKDJSelector初始化完成
2025-07-26 16:56:35,490 [INFO] PeakKDJSelector 共选出 0 只股票
2025-07-26 16:56:35,490 [INFO] 
2025-07-26 16:56:35,490 [INFO] ============== 选股结果 [填坑战法] ==============
2025-07-26 16:56:35,490 [INFO] 交易日: 2015-07-25
2025-07-26 16:56:35,490 [INFO] 符合条件股票数: 0
2025-07-26 16:56:35,490 [INFO] 无符合条件股票
2025-07-26 16:57:27,396 [INFO] 正在获取沪深300成分股列表...
2025-07-26 16:57:31,137 [INFO] 成功获取沪深300成分股 300 只
2025-07-26 16:57:31,138 [INFO] 正在获取 A500 (中证500) 成分股列表...
2025-07-26 16:57:32,376 [INFO] 成功获取A500成分股 500 只
2025-07-26 16:57:32,377 [INFO] 从 appendix.json 加载了 75 只股票
2025-07-26 16:57:32,377 [INFO] 沪深300 + A500 + appendix.json 总计 811 只股票 (沪深300: 300, A500: 500, appendix: 75)
2025-07-26 16:57:33,385 [INFO] BBIKDJSelector初始化完成
2025-07-26 16:57:33,930 [INFO] BBIKDJSelector 共选出 91 只股票
2025-07-26 16:57:33,930 [INFO] 
2025-07-26 16:57:33,930 [INFO] ============== 选股结果 [少妇战法] ==============
2025-07-26 16:57:33,930 [INFO] 交易日: 2025-07-25
2025-07-26 16:57:33,930 [INFO] 符合条件股票数: 91
2025-07-26 16:57:33,930 [INFO] 000002, 000039, 000066, 000519, 000703, 000738, 000776, 000831, 001979, 002037, 002049, 002120, 002142, 002156, 002185, 002371, 002409, 002436, 002466, 002532, 002670, 002738, 002739, 002812, 002841, 300033, 300037, 300054, 300346, 300373, 300567, 300604, 300623, 300679, 300751, 300782, 600048, 600276, 600295, 600316, 600326, 600346, 600352, 600361, 600549, 600583, 600606, 600655, 600764, 600765, 600873, 600884, 600895, 600958, 601001, 601006, 601168, 601211, 601216, 601233, 601628, 601788, 601881, 601919, 601958, 601965, 601995, 603077, 603260, 603338, 603341, 603659, 603799, 603816, 603979, 603993, 688012, 688072, 688111, 688120, 688126, 688172, 688187, 688249, 688361, 688469, 688475, 688538, 688568, 688819, 688981
2025-07-26 16:57:33,930 [INFO] BBIShortLongSelector初始化完成
2025-07-26 16:57:34,302 [INFO] BBIShortLongSelector 共选出 606 只股票
2025-07-26 16:57:34,302 [INFO] 
2025-07-26 16:57:34,302 [INFO] ============== 选股结果 [补票战法] ==============
2025-07-26 16:57:34,302 [INFO] 交易日: 2025-07-25
2025-07-26 16:57:34,302 [INFO] 符合条件股票数: 606
2025-07-26 16:57:34,302 [INFO] 000002, 000009, 000021, 000027, 000032, 000034, 000039, 000050, 000060, 000063, 000066, 000069, 000100, 000155, 000157, 000166, 000301, 000333, 000338, 000400, 000408, 000415, 000425, 000426, 000513, 000519, 000528, 000537, 000543, 000563, 000568, 000591, 000598, 000617, 000623, 000625, 000629, 000636, 000651, 000661, 000683, 000703, 000708, 000709, 000723, 000725, 000728, 000738, 000739, 000750, 000768, 000776, 000783, 000792, 000800, 000825, 000830, 000831, 000858, 000876, 000877, 000878, 000883, 000887, 000893, 000895, 000898, 000932, 000933, 000937, 000938, 000951, 000959, 000960, 000967, 000977, 000983, 000987, 000988, 001213, 001286, 001289, 001389, 001696, 001979, 002001, 002007, 002008, 002025, 002027, 002037, 002049, 002050, 002056, 002064, 002065, 002078, 002080, 002085, 002120, 002129, 002138, 002142, 002152, 002153, 002155, 002156, 002167, 002180, 002185, 002195, 002203, 002230, 002236, 002241, 002244, 002252, 002261, 002266, 002271, 002273, 002299, 002304, 002312, 002340, 002353, 002371, 002385, 002409, 002414, 002415, 002423, 002429, 002430, 002432, 002436, 002439, 002444, 002459, 002460, 002466, 002472, 002475, 002493, 002500, 002508, 002532, 002572, 002601, 002603, 002607, 002608, 002648, 002653, 002670, 002673, 002683, 002709, 002714, 002736, 002738, 002739, 002756, 002773, 002797, 002812, 002821, 002827, 002831, 002837, 002841, 002850, 002851, 002896, 002916, 002920, 002926, 002938, 002939, 002940, 002945, 002984, 003001, 003021, 003022, 003031, 003816, 300003, 300007, 300012, 300014, 300015, 300017, 300024, 300033, 300037, 300054, 300058, 300059, 300070, 300073, 300115, 300122, 300124, 300136, 300140, 300142, 300146, 300207, 300212, 300223, 300274, 300285, 300308, 300316, 300339, 300346, 300347, 300373, 300383, 300390, 300395, 300408, 300433, 300436, 300450, 300454, 300458, 300474, 300476, 300487, 300496, 300498, 300529, 300558, 300567, 300573, 300580, 300595, 300601, 300604, 300623, 300627, 300677, 300679, 300699, 300718, 300723, 300724, 300748, 300750, 300751, 300757, 300759, 300782, 300803, 300872, 300896, 300919, 300979, 300999, 301165, 301267, 301308, 301358, 301408, 600004, 600007, 600008, 600010, 600011, 600018, 600019, 600021, 600023, 600028, 600030, 600031, 600032, 600038, 600048, 600050, 600056, 600060, 600061, 600062, 600079, 600089, 600095, 600096, 600098, 600104, 600109, 600111, 600118, 600126, 600131, 600141, 600143, 600150, 600153, 600155, 600157, 600166, 600170, 600171, 600176, 600177, 600183, 600188, 600196, 600208, 600219, 600233, 600271, 600276, 600282, 600295, 600299, 600309, 600312, 600316, 600325, 600326, 600329, 600332, 600339, 600346, 600348, 600352, 600361, 600362, 600369, 600372, 600380, 600390, 600392, 600406, 600426, 600435, 600438, 600460, 600483, 600486, 600487, 600489, 600497, 600498, 600499, 600511, 600515, 600516, 600517, 600521, 600528, 600529, 600536, 600546, 600549, 600562, 600563, 600566, 600570, 600580, 600582, 600583, 600584, 600585, 600588, 600598, 600606, 600637, 600655, 600663, 600673, 600688, 600690, 600699, 600704, 600720, 600732, 600737, 600739, 600745, 600760, 600763, 600764, 600765, 600801, 600809, 600816, 600820, 600848, 600859, 600862, 600863, 600867, 600871, 600872, 600873, 600875, 600884, 600885, 600893, 600895, 600905, 600906, 600909, 600918, 600925, 600927, 600958, 600959, 600968, 600970, 600977, 600985, 600995, 600998, 600999, 601000, 601001, 601006, 601012, 601016, 601059, 601061, 601066, 601088, 601099, 601100, 601106, 601108, 601117, 601118, 601138, 601139, 601155, 601156, 601158, 601162, 601168, 601179, 601186, 601198, 601211, 601212, 601216, 601225, 601228, 601231, 601233, 601236, 601288, 601318, 601333, 601336, 601360, 601377, 601390, 601399, 601456, 601555, 601568, 601598, 601600, 601601, 601607, 601608, 601611, 601615, 601618, 601628, 601633, 601636, 601666, 601668, 601669, 601688, 601696, 601699, 601766, 601788, 601800, 601808, 601857, 601858, 601865, 601866, 601868, 601877, 601878, 601880, 601881, 601888, 601898, 601899, 601901, 601918, 601919, 601921, 601958, 601965, 601966, 601985, 601989, 601990, 601991, 601995, 603000, 603019, 603077, 603087, 603093, 603119, 603160, 603200, 603225, 603228, 603233, 603259, 603260, 603290, 603298, 603338, 603341, 603486, 603529, 603556, 603565, 603568, 603650, 603658, 603659, 603707, 603728, 603737, 603799, 603806, 603816, 603826, 603858, 603868, 603881, 603893, 603927, 603966, 603979, 603993, 605358, 605589, 688002, 688008, 688012, 688017, 688032, 688065, 688072, 688099, 688100, 688111, 688120, 688122, 688126, 688153, 688172, 688180, 688187, 688202, 688223, 688234, 688248, 688249, 688278, 688281, 688295, 688297, 688303, 688318, 688321, 688322, 688331, 688349, 688361, 688375, 688387, 688396, 688425, 688469, 688475, 688520, 688538, 688561, 688563, 688568, 688578, 688599, 688676, 688702, 688728, 688777, 688778, 688799, 688819, 688981, 830879
2025-07-26 16:57:34,302 [INFO] BreakoutVolumeKDJSelector初始化完成
2025-07-26 16:57:34,684 [INFO] BreakoutVolumeKDJSelector 共选出 99 只股票
2025-07-26 16:57:34,684 [INFO] 
2025-07-26 16:57:34,684 [INFO] ============== 选股结果 [TePu战法] ==============
2025-07-26 16:57:34,684 [INFO] 交易日: 2025-07-25
2025-07-26 16:57:34,684 [INFO] 符合条件股票数: 99
2025-07-26 16:57:34,684 [INFO] 000002, 000039, 000066, 000519, 000617, 000703, 000738, 000776, 000831, 001979, 002037, 002049, 002120, 002142, 002156, 002180, 002185, 002409, 002436, 002466, 002532, 002670, 002738, 002739, 002812, 002837, 002841, 300033, 300037, 300054, 300346, 300373, 300413, 300623, 300661, 300679, 300751, 300782, 300888, 300957, 600048, 600276, 600295, 600316, 600326, 600346, 600352, 600361, 600549, 600606, 600655, 600754, 600764, 600765, 600845, 600884, 600895, 600958, 601001, 601006, 601211, 601216, 601233, 601238, 601788, 601881, 601919, 601958, 601965, 601995, 603077, 603260, 603338, 603605, 603799, 603816, 603899, 603979, 603993, 688012, 688072, 688111, 688114, 688126, 688172, 688187, 688220, 688234, 688249, 688271, 688361, 688363, 688469, 688475, 688538, 688568, 688608, 688819, 688981
2025-07-26 16:57:34,684 [INFO] PeakKDJSelector初始化完成
2025-07-26 16:57:35,158 [INFO] PeakKDJSelector 共选出 0 只股票
2025-07-26 16:57:35,158 [INFO] 
2025-07-26 16:57:35,158 [INFO] ============== 选股结果 [填坑战法] ==============
2025-07-26 16:57:35,158 [INFO] 交易日: 2025-07-25
2025-07-26 16:57:35,158 [INFO] 符合条件股票数: 0
2025-07-26 16:57:35,158 [INFO] 无符合条件股票
2025-07-26 16:58:06,060 [INFO] 正在获取沪深300成分股列表...
2025-07-26 16:58:10,148 [INFO] 成功获取沪深300成分股 300 只
2025-07-26 16:58:10,148 [INFO] 正在获取 A500 (中证500) 成分股列表...
2025-07-26 16:58:11,270 [INFO] 成功获取A500成分股 500 只
2025-07-26 16:58:11,270 [INFO] 从 appendix.json 加载了 75 只股票
2025-07-26 16:58:11,270 [INFO] 沪深300 + A500 + appendix.json 总计 811 只股票 (沪深300: 300, A500: 500, appendix: 75)
2025-07-26 16:58:12,350 [INFO] BBIKDJSelector初始化完成
2025-07-26 16:58:12,902 [INFO] BBIKDJSelector 共选出 91 只股票
2025-07-26 16:58:12,903 [INFO] 
2025-07-26 16:58:12,903 [INFO] ============== 选股结果 [少妇战法] ==============
2025-07-26 16:58:12,903 [INFO] 交易日: 2025-07-25
2025-07-26 16:58:12,903 [INFO] 符合条件股票数: 91
2025-07-26 16:58:12,903 [INFO] 000002, 000039, 000066, 000519, 000703, 000738, 000776, 000831, 001979, 002037, 002049, 002120, 002142, 002156, 002185, 002371, 002409, 002436, 002466, 002532, 002670, 002738, 002739, 002812, 002841, 300033, 300037, 300054, 300346, 300373, 300567, 300604, 300623, 300679, 300751, 300782, 600048, 600276, 600295, 600316, 600326, 600346, 600352, 600361, 600549, 600583, 600606, 600655, 600764, 600765, 600873, 600884, 600895, 600958, 601001, 601006, 601168, 601211, 601216, 601233, 601628, 601788, 601881, 601919, 601958, 601965, 601995, 603077, 603260, 603338, 603341, 603659, 603799, 603816, 603979, 603993, 688012, 688072, 688111, 688120, 688126, 688172, 688187, 688249, 688361, 688469, 688475, 688538, 688568, 688819, 688981
2025-07-26 16:58:12,903 [INFO] BBIShortLongSelector初始化完成
2025-07-26 16:58:13,276 [INFO] BBIShortLongSelector 共选出 606 只股票
2025-07-26 16:58:13,276 [INFO] 
2025-07-26 16:58:13,276 [INFO] ============== 选股结果 [补票战法] ==============
2025-07-26 16:58:13,276 [INFO] 交易日: 2025-07-25
2025-07-26 16:58:13,276 [INFO] 符合条件股票数: 606
2025-07-26 16:58:13,276 [INFO] 000002, 000009, 000021, 000027, 000032, 000034, 000039, 000050, 000060, 000063, 000066, 000069, 000100, 000155, 000157, 000166, 000301, 000333, 000338, 000400, 000408, 000415, 000425, 000426, 000513, 000519, 000528, 000537, 000543, 000563, 000568, 000591, 000598, 000617, 000623, 000625, 000629, 000636, 000651, 000661, 000683, 000703, 000708, 000709, 000723, 000725, 000728, 000738, 000739, 000750, 000768, 000776, 000783, 000792, 000800, 000825, 000830, 000831, 000858, 000876, 000877, 000878, 000883, 000887, 000893, 000895, 000898, 000932, 000933, 000937, 000938, 000951, 000959, 000960, 000967, 000977, 000983, 000987, 000988, 001213, 001286, 001289, 001389, 001696, 001979, 002001, 002007, 002008, 002025, 002027, 002037, 002049, 002050, 002056, 002064, 002065, 002078, 002080, 002085, 002120, 002129, 002138, 002142, 002152, 002153, 002155, 002156, 002167, 002180, 002185, 002195, 002203, 002230, 002236, 002241, 002244, 002252, 002261, 002266, 002271, 002273, 002299, 002304, 002312, 002340, 002353, 002371, 002385, 002409, 002414, 002415, 002423, 002429, 002430, 002432, 002436, 002439, 002444, 002459, 002460, 002466, 002472, 002475, 002493, 002500, 002508, 002532, 002572, 002601, 002603, 002607, 002608, 002648, 002653, 002670, 002673, 002683, 002709, 002714, 002736, 002738, 002739, 002756, 002773, 002797, 002812, 002821, 002827, 002831, 002837, 002841, 002850, 002851, 002896, 002916, 002920, 002926, 002938, 002939, 002940, 002945, 002984, 003001, 003021, 003022, 003031, 003816, 300003, 300007, 300012, 300014, 300015, 300017, 300024, 300033, 300037, 300054, 300058, 300059, 300070, 300073, 300115, 300122, 300124, 300136, 300140, 300142, 300146, 300207, 300212, 300223, 300274, 300285, 300308, 300316, 300339, 300346, 300347, 300373, 300383, 300390, 300395, 300408, 300433, 300436, 300450, 300454, 300458, 300474, 300476, 300487, 300496, 300498, 300529, 300558, 300567, 300573, 300580, 300595, 300601, 300604, 300623, 300627, 300677, 300679, 300699, 300718, 300723, 300724, 300748, 300750, 300751, 300757, 300759, 300782, 300803, 300872, 300896, 300919, 300979, 300999, 301165, 301267, 301308, 301358, 301408, 600004, 600007, 600008, 600010, 600011, 600018, 600019, 600021, 600023, 600028, 600030, 600031, 600032, 600038, 600048, 600050, 600056, 600060, 600061, 600062, 600079, 600089, 600095, 600096, 600098, 600104, 600109, 600111, 600118, 600126, 600131, 600141, 600143, 600150, 600153, 600155, 600157, 600166, 600170, 600171, 600176, 600177, 600183, 600188, 600196, 600208, 600219, 600233, 600271, 600276, 600282, 600295, 600299, 600309, 600312, 600316, 600325, 600326, 600329, 600332, 600339, 600346, 600348, 600352, 600361, 600362, 600369, 600372, 600380, 600390, 600392, 600406, 600426, 600435, 600438, 600460, 600483, 600486, 600487, 600489, 600497, 600498, 600499, 600511, 600515, 600516, 600517, 600521, 600528, 600529, 600536, 600546, 600549, 600562, 600563, 600566, 600570, 600580, 600582, 600583, 600584, 600585, 600588, 600598, 600606, 600637, 600655, 600663, 600673, 600688, 600690, 600699, 600704, 600720, 600732, 600737, 600739, 600745, 600760, 600763, 600764, 600765, 600801, 600809, 600816, 600820, 600848, 600859, 600862, 600863, 600867, 600871, 600872, 600873, 600875, 600884, 600885, 600893, 600895, 600905, 600906, 600909, 600918, 600925, 600927, 600958, 600959, 600968, 600970, 600977, 600985, 600995, 600998, 600999, 601000, 601001, 601006, 601012, 601016, 601059, 601061, 601066, 601088, 601099, 601100, 601106, 601108, 601117, 601118, 601138, 601139, 601155, 601156, 601158, 601162, 601168, 601179, 601186, 601198, 601211, 601212, 601216, 601225, 601228, 601231, 601233, 601236, 601288, 601318, 601333, 601336, 601360, 601377, 601390, 601399, 601456, 601555, 601568, 601598, 601600, 601601, 601607, 601608, 601611, 601615, 601618, 601628, 601633, 601636, 601666, 601668, 601669, 601688, 601696, 601699, 601766, 601788, 601800, 601808, 601857, 601858, 601865, 601866, 601868, 601877, 601878, 601880, 601881, 601888, 601898, 601899, 601901, 601918, 601919, 601921, 601958, 601965, 601966, 601985, 601989, 601990, 601991, 601995, 603000, 603019, 603077, 603087, 603093, 603119, 603160, 603200, 603225, 603228, 603233, 603259, 603260, 603290, 603298, 603338, 603341, 603486, 603529, 603556, 603565, 603568, 603650, 603658, 603659, 603707, 603728, 603737, 603799, 603806, 603816, 603826, 603858, 603868, 603881, 603893, 603927, 603966, 603979, 603993, 605358, 605589, 688002, 688008, 688012, 688017, 688032, 688065, 688072, 688099, 688100, 688111, 688120, 688122, 688126, 688153, 688172, 688180, 688187, 688202, 688223, 688234, 688248, 688249, 688278, 688281, 688295, 688297, 688303, 688318, 688321, 688322, 688331, 688349, 688361, 688375, 688387, 688396, 688425, 688469, 688475, 688520, 688538, 688561, 688563, 688568, 688578, 688599, 688676, 688702, 688728, 688777, 688778, 688799, 688819, 688981, 830879
2025-07-26 16:58:13,276 [INFO] BreakoutVolumeKDJSelector初始化完成
2025-07-26 16:58:13,667 [INFO] BreakoutVolumeKDJSelector 共选出 99 只股票
2025-07-26 16:58:13,667 [INFO] 
2025-07-26 16:58:13,667 [INFO] ============== 选股结果 [TePu战法] ==============
2025-07-26 16:58:13,667 [INFO] 交易日: 2025-07-25
2025-07-26 16:58:13,667 [INFO] 符合条件股票数: 99
2025-07-26 16:58:13,667 [INFO] 000002, 000039, 000066, 000519, 000617, 000703, 000738, 000776, 000831, 001979, 002037, 002049, 002120, 002142, 002156, 002180, 002185, 002409, 002436, 002466, 002532, 002670, 002738, 002739, 002812, 002837, 002841, 300033, 300037, 300054, 300346, 300373, 300413, 300623, 300661, 300679, 300751, 300782, 300888, 300957, 600048, 600276, 600295, 600316, 600326, 600346, 600352, 600361, 600549, 600606, 600655, 600754, 600764, 600765, 600845, 600884, 600895, 600958, 601001, 601006, 601211, 601216, 601233, 601238, 601788, 601881, 601919, 601958, 601965, 601995, 603077, 603260, 603338, 603605, 603799, 603816, 603899, 603979, 603993, 688012, 688072, 688111, 688114, 688126, 688172, 688187, 688220, 688234, 688249, 688271, 688361, 688363, 688469, 688475, 688538, 688568, 688608, 688819, 688981
2025-07-26 16:58:13,667 [INFO] PeakKDJSelector初始化完成
2025-07-26 16:58:14,154 [INFO] PeakKDJSelector 共选出 0 只股票
2025-07-26 16:58:14,154 [INFO] 
2025-07-26 16:58:14,155 [INFO] ============== 选股结果 [填坑战法] ==============
2025-07-26 16:58:14,155 [INFO] 交易日: 2025-07-25
2025-07-26 16:58:14,155 [INFO] 符合条件股票数: 0
2025-07-26 16:58:14,155 [INFO] 无符合条件股票
2025-07-26 17:03:28,627 [INFO] 正在获取沪深300成分股列表...
2025-07-26 17:03:32,694 [INFO] 成功获取沪深300成分股 300 只
2025-07-26 17:03:32,694 [INFO] 正在获取 A500 (中证500) 成分股列表...
2025-07-26 17:03:33,744 [INFO] 成功获取A500成分股 500 只
2025-07-26 17:03:33,745 [INFO] 从 appendix.json 加载了 75 只股票
2025-07-26 17:03:33,745 [INFO] 沪深300 + A500 + appendix.json 总计 811 只股票 (沪深300: 300, A500: 500, appendix: 75)
2025-07-26 17:03:34,871 [INFO] BBIKDJSelector初始化完成
2025-07-26 17:03:35,447 [INFO] BBIKDJSelector 共选出 0 只股票
2025-07-26 17:03:35,447 [INFO] 
2025-07-26 17:03:35,447 [INFO] ============== 选股结果 [少妇战法] ==============
2025-07-26 17:03:35,447 [INFO] 交易日: 2025-07-25
2025-07-26 17:03:35,447 [INFO] 符合条件股票数: 0
2025-07-26 17:03:35,447 [INFO] 无符合条件股票
2025-07-26 17:03:35,447 [INFO] BBIShortLongSelector初始化完成
2025-07-26 17:03:35,838 [INFO] BBIShortLongSelector 共选出 606 只股票
2025-07-26 17:03:35,838 [INFO] 
2025-07-26 17:03:35,838 [INFO] ============== 选股结果 [补票战法] ==============
2025-07-26 17:03:35,838 [INFO] 交易日: 2025-07-25
2025-07-26 17:03:35,838 [INFO] 符合条件股票数: 606
2025-07-26 17:03:35,838 [INFO] 000002, 000009, 000021, 000027, 000032, 000034, 000039, 000050, 000060, 000063, 000066, 000069, 000100, 000155, 000157, 000166, 000301, 000333, 000338, 000400, 000408, 000415, 000425, 000426, 000513, 000519, 000528, 000537, 000543, 000563, 000568, 000591, 000598, 000617, 000623, 000625, 000629, 000636, 000651, 000661, 000683, 000703, 000708, 000709, 000723, 000725, 000728, 000738, 000739, 000750, 000768, 000776, 000783, 000792, 000800, 000825, 000830, 000831, 000858, 000876, 000877, 000878, 000883, 000887, 000893, 000895, 000898, 000932, 000933, 000937, 000938, 000951, 000959, 000960, 000967, 000977, 000983, 000987, 000988, 001213, 001286, 001289, 001389, 001696, 001979, 002001, 002007, 002008, 002025, 002027, 002037, 002049, 002050, 002056, 002064, 002065, 002078, 002080, 002085, 002120, 002129, 002138, 002142, 002152, 002153, 002155, 002156, 002167, 002180, 002185, 002195, 002203, 002230, 002236, 002241, 002244, 002252, 002261, 002266, 002271, 002273, 002299, 002304, 002312, 002340, 002353, 002371, 002385, 002409, 002414, 002415, 002423, 002429, 002430, 002432, 002436, 002439, 002444, 002459, 002460, 002466, 002472, 002475, 002493, 002500, 002508, 002532, 002572, 002601, 002603, 002607, 002608, 002648, 002653, 002670, 002673, 002683, 002709, 002714, 002736, 002738, 002739, 002756, 002773, 002797, 002812, 002821, 002827, 002831, 002837, 002841, 002850, 002851, 002896, 002916, 002920, 002926, 002938, 002939, 002940, 002945, 002984, 003001, 003021, 003022, 003031, 003816, 300003, 300007, 300012, 300014, 300015, 300017, 300024, 300033, 300037, 300054, 300058, 300059, 300070, 300073, 300115, 300122, 300124, 300136, 300140, 300142, 300146, 300207, 300212, 300223, 300274, 300285, 300308, 300316, 300339, 300346, 300347, 300373, 300383, 300390, 300395, 300408, 300433, 300436, 300450, 300454, 300458, 300474, 300476, 300487, 300496, 300498, 300529, 300558, 300567, 300573, 300580, 300595, 300601, 300604, 300623, 300627, 300677, 300679, 300699, 300718, 300723, 300724, 300748, 300750, 300751, 300757, 300759, 300782, 300803, 300872, 300896, 300919, 300979, 300999, 301165, 301267, 301308, 301358, 301408, 600004, 600007, 600008, 600010, 600011, 600018, 600019, 600021, 600023, 600028, 600030, 600031, 600032, 600038, 600048, 600050, 600056, 600060, 600061, 600062, 600079, 600089, 600095, 600096, 600098, 600104, 600109, 600111, 600118, 600126, 600131, 600141, 600143, 600150, 600153, 600155, 600157, 600166, 600170, 600171, 600176, 600177, 600183, 600188, 600196, 600208, 600219, 600233, 600271, 600276, 600282, 600295, 600299, 600309, 600312, 600316, 600325, 600326, 600329, 600332, 600339, 600346, 600348, 600352, 600361, 600362, 600369, 600372, 600380, 600390, 600392, 600406, 600426, 600435, 600438, 600460, 600483, 600486, 600487, 600489, 600497, 600498, 600499, 600511, 600515, 600516, 600517, 600521, 600528, 600529, 600536, 600546, 600549, 600562, 600563, 600566, 600570, 600580, 600582, 600583, 600584, 600585, 600588, 600598, 600606, 600637, 600655, 600663, 600673, 600688, 600690, 600699, 600704, 600720, 600732, 600737, 600739, 600745, 600760, 600763, 600764, 600765, 600801, 600809, 600816, 600820, 600848, 600859, 600862, 600863, 600867, 600871, 600872, 600873, 600875, 600884, 600885, 600893, 600895, 600905, 600906, 600909, 600918, 600925, 600927, 600958, 600959, 600968, 600970, 600977, 600985, 600995, 600998, 600999, 601000, 601001, 601006, 601012, 601016, 601059, 601061, 601066, 601088, 601099, 601100, 601106, 601108, 601117, 601118, 601138, 601139, 601155, 601156, 601158, 601162, 601168, 601179, 601186, 601198, 601211, 601212, 601216, 601225, 601228, 601231, 601233, 601236, 601288, 601318, 601333, 601336, 601360, 601377, 601390, 601399, 601456, 601555, 601568, 601598, 601600, 601601, 601607, 601608, 601611, 601615, 601618, 601628, 601633, 601636, 601666, 601668, 601669, 601688, 601696, 601699, 601766, 601788, 601800, 601808, 601857, 601858, 601865, 601866, 601868, 601877, 601878, 601880, 601881, 601888, 601898, 601899, 601901, 601918, 601919, 601921, 601958, 601965, 601966, 601985, 601989, 601990, 601991, 601995, 603000, 603019, 603077, 603087, 603093, 603119, 603160, 603200, 603225, 603228, 603233, 603259, 603260, 603290, 603298, 603338, 603341, 603486, 603529, 603556, 603565, 603568, 603650, 603658, 603659, 603707, 603728, 603737, 603799, 603806, 603816, 603826, 603858, 603868, 603881, 603893, 603927, 603966, 603979, 603993, 605358, 605589, 688002, 688008, 688012, 688017, 688032, 688065, 688072, 688099, 688100, 688111, 688120, 688122, 688126, 688153, 688172, 688180, 688187, 688202, 688223, 688234, 688248, 688249, 688278, 688281, 688295, 688297, 688303, 688318, 688321, 688322, 688331, 688349, 688361, 688375, 688387, 688396, 688425, 688469, 688475, 688520, 688538, 688561, 688563, 688568, 688578, 688599, 688676, 688702, 688728, 688777, 688778, 688799, 688819, 688981, 830879
2025-07-26 17:03:35,838 [INFO] BreakoutVolumeKDJSelector初始化完成
2025-07-26 17:03:36,229 [INFO] BreakoutVolumeKDJSelector 共选出 0 只股票
2025-07-26 17:03:36,229 [INFO] 
2025-07-26 17:03:36,229 [INFO] ============== 选股结果 [TePu战法] ==============
2025-07-26 17:03:36,230 [INFO] 交易日: 2025-07-25
2025-07-26 17:03:36,230 [INFO] 符合条件股票数: 0
2025-07-26 17:03:36,230 [INFO] 无符合条件股票
2025-07-26 17:03:36,230 [INFO] PeakKDJSelector初始化完成
2025-07-26 17:03:36,723 [INFO] PeakKDJSelector 共选出 0 只股票
2025-07-26 17:03:36,723 [INFO] 
2025-07-26 17:03:36,723 [INFO] ============== 选股结果 [填坑战法] ==============
2025-07-26 17:03:36,723 [INFO] 交易日: 2025-07-25
2025-07-26 17:03:36,723 [INFO] 符合条件股票数: 0
2025-07-26 17:03:36,723 [INFO] 无符合条件股票
2025-07-26 17:20:08,768 [INFO] 正在获取沪深300成分股列表...
2025-07-26 17:20:12,953 [INFO] 成功获取沪深300成分股 300 只
2025-07-26 17:20:12,953 [INFO] 正在获取 A500 (中证500) 成分股列表...
2025-07-26 17:20:14,059 [INFO] 成功获取A500成分股 500 只
2025-07-26 17:20:14,060 [INFO] 从 appendix.json 加载了 75 只股票
2025-07-26 17:20:14,060 [INFO] 沪深300 + A500 + appendix.json 总计 811 只股票 (沪深300: 300, A500: 500, appendix: 75)
2025-07-26 17:20:15,078 [INFO] BBIKDJSelector初始化完成
2025-07-26 17:20:15,625 [INFO] BBIKDJSelector 共选出 0 只股票
2025-07-26 17:20:15,626 [INFO] 
2025-07-26 17:20:15,626 [INFO] ============== 选股结果 [少妇战法] ==============
2025-07-26 17:20:15,626 [INFO] 交易日: 2025-07-25
2025-07-26 17:20:15,626 [INFO] 符合条件股票数: 0
2025-07-26 17:20:15,626 [INFO] 无符合条件股票
2025-07-26 17:20:15,626 [INFO] BBIShortLongSelector初始化完成
2025-07-26 17:20:16,001 [INFO] BBIShortLongSelector(补票战法) 共选出 50 只股票
2025-07-26 17:20:16,002 [INFO] 
2025-07-26 17:20:16,002 [INFO] ============== 选股结果 [补票战法] ==============
2025-07-26 17:20:16,002 [INFO] 交易日: 2025-07-25
2025-07-26 17:20:16,002 [INFO] 符合条件股票数: 50
2025-07-26 17:20:16,002 [INFO] 000403, 000538, 000785, 000921, 000999, 002044, 002262, 002318, 002352, 002507, 002563, 300144, 300413, 300661, 300676, 300735, 300760, 300957, 301536, 600009, 600085, 600132, 600258, 600378, 600398, 600436, 600519, 600600, 600754, 600839, 600886, 600938, 600956, 601021, 601238, 601872, 601933, 603156, 603216, 603369, 603589, 603605, 603899, 688027, 688041, 688114, 688188, 688220, 688363, 688772
2025-07-26 17:20:16,002 [INFO] BreakoutVolumeKDJSelector初始化完成
2025-07-26 17:20:16,385 [INFO] BreakoutVolumeKDJSelector 共选出 0 只股票
2025-07-26 17:20:16,385 [INFO] 
2025-07-26 17:20:16,385 [INFO] ============== 选股结果 [TePu战法] ==============
2025-07-26 17:20:16,385 [INFO] 交易日: 2025-07-25
2025-07-26 17:20:16,385 [INFO] 符合条件股票数: 0
2025-07-26 17:20:16,385 [INFO] 无符合条件股票
2025-07-26 17:20:16,385 [INFO] PeakKDJSelector初始化完成
2025-07-26 17:20:16,870 [INFO] PeakKDJSelector 共选出 0 只股票
2025-07-26 17:20:16,870 [INFO] 
2025-07-26 17:20:16,870 [INFO] ============== 选股结果 [填坑战法] ==============
2025-07-26 17:20:16,870 [INFO] 交易日: 2025-07-25
2025-07-26 17:20:16,870 [INFO] 符合条件股票数: 0
2025-07-26 17:20:16,870 [INFO] 无符合条件股票
2025-07-26 17:23:31,350 [INFO] 正在获取沪深300成分股列表...
2025-07-26 17:23:35,424 [INFO] 成功获取沪深300成分股 300 只
2025-07-26 17:23:35,424 [INFO] 正在获取 A500 (中证500) 成分股列表...
2025-07-26 17:23:36,551 [INFO] 成功获取A500成分股 500 只
2025-07-26 17:23:36,551 [INFO] 从 appendix.json 加载了 75 只股票
2025-07-26 17:23:36,552 [INFO] 沪深300 + A500 + appendix.json 总计 811 只股票 (沪深300: 300, A500: 500, appendix: 75)
2025-07-26 17:23:37,567 [INFO] BBIKDJSelector初始化完成
2025-07-26 17:23:38,114 [INFO] BBIKDJSelector 共选出 0 只股票
2025-07-26 17:23:38,114 [INFO] 
2025-07-26 17:23:38,114 [INFO] ============== 选股结果 [少妇战法] ==============
2025-07-26 17:23:38,114 [INFO] 交易日: 2025-07-25
2025-07-26 17:23:38,114 [INFO] 符合条件股票数: 0
2025-07-26 17:23:38,114 [INFO] 无符合条件股票
2025-07-26 17:23:38,114 [INFO] BBIShortLongSelector初始化完成
2025-07-26 17:23:38,490 [INFO] BBIShortLongSelector(补票战法) 共选出 50 只股票
2025-07-26 17:23:38,490 [INFO] 
2025-07-26 17:23:38,490 [INFO] ============== 选股结果 [补票战法] ==============
2025-07-26 17:23:38,490 [INFO] 交易日: 2025-07-25
2025-07-26 17:23:38,490 [INFO] 符合条件股票数: 50
2025-07-26 17:23:38,490 [INFO] 000403, 000538, 000785, 000921, 000999, 002044, 002262, 002318, 002352, 002507, 002563, 300144, 300413, 300661, 300676, 300735, 300760, 300957, 301536, 600009, 600085, 600132, 600258, 600378, 600398, 600436, 600519, 600600, 600754, 600839, 600886, 600938, 600956, 601021, 601238, 601872, 601933, 603156, 603216, 603369, 603589, 603605, 603899, 688027, 688041, 688114, 688188, 688220, 688363, 688772
2025-07-26 17:23:38,490 [INFO] BreakoutVolumeKDJSelector初始化完成
2025-07-26 17:23:38,875 [INFO] BreakoutVolumeKDJSelector 共选出 0 只股票
2025-07-26 17:23:38,875 [INFO] 
2025-07-26 17:23:38,875 [INFO] ============== 选股结果 [TePu战法] ==============
2025-07-26 17:23:38,875 [INFO] 交易日: 2025-07-25
2025-07-26 17:23:38,875 [INFO] 符合条件股票数: 0
2025-07-26 17:23:38,875 [INFO] 无符合条件股票
2025-07-26 17:23:38,875 [INFO] PeakKDJSelector初始化完成
2025-07-26 17:23:39,357 [INFO] PeakKDJSelector 共选出 0 只股票
2025-07-26 17:23:39,357 [INFO] 
2025-07-26 17:23:39,357 [INFO] ============== 选股结果 [填坑战法] ==============
2025-07-26 17:23:39,357 [INFO] 交易日: 2025-07-25
2025-07-26 17:23:39,357 [INFO] 符合条件股票数: 0
2025-07-26 17:23:39,357 [INFO] 无符合条件股票
2025-07-26 17:24:30,609 [INFO] 正在获取沪深300成分股列表...
2025-07-26 17:24:34,230 [INFO] 成功获取沪深300成分股 300 只
2025-07-26 17:24:34,230 [INFO] 正在获取 A500 (中证500) 成分股列表...
2025-07-26 17:24:35,315 [INFO] 成功获取A500成分股 500 只
2025-07-26 17:24:35,315 [INFO] 从 appendix.json 加载了 75 只股票
2025-07-26 17:24:35,315 [INFO] 沪深300 + A500 + appendix.json 总计 811 只股票 (沪深300: 300, A500: 500, appendix: 75)
2025-07-26 17:24:36,348 [INFO] BBIKDJSelector初始化完成
2025-07-26 17:24:36,894 [INFO] BBIKDJSelector 共选出 0 只股票
2025-07-26 17:24:36,894 [INFO] 
2025-07-26 17:24:36,894 [INFO] ============== 选股结果 [少妇战法] ==============
2025-07-26 17:24:36,894 [INFO] 交易日: 2025-07-25
2025-07-26 17:24:36,895 [INFO] 符合条件股票数: 0
2025-07-26 17:24:36,895 [INFO] 无符合条件股票
2025-07-26 17:24:36,895 [INFO] BBIShortLongSelector初始化完成
2025-07-26 17:24:37,269 [INFO] BBIShortLongSelector(补票战法) 共选出 50 只股票
2025-07-26 17:24:37,269 [INFO] 
2025-07-26 17:24:37,269 [INFO] ============== 选股结果 [补票战法] ==============
2025-07-26 17:24:37,269 [INFO] 交易日: 2025-07-25
2025-07-26 17:24:37,269 [INFO] 符合条件股票数: 50
2025-07-26 17:24:37,269 [INFO] 000403, 000538, 000785, 000921, 000999, 002044, 002262, 002318, 002352, 002507, 002563, 300144, 300413, 300661, 300676, 300735, 300760, 300957, 301536, 600009, 600085, 600132, 600258, 600378, 600398, 600436, 600519, 600600, 600754, 600839, 600886, 600938, 600956, 601021, 601238, 601872, 601933, 603156, 603216, 603369, 603589, 603605, 603899, 688027, 688041, 688114, 688188, 688220, 688363, 688772
2025-07-26 17:24:37,269 [INFO] BreakoutVolumeKDJSelector初始化完成
2025-07-26 17:24:37,654 [INFO] BreakoutVolumeKDJSelector 共选出 0 只股票
2025-07-26 17:24:37,654 [INFO] 
2025-07-26 17:24:37,654 [INFO] ============== 选股结果 [TePu战法] ==============
2025-07-26 17:24:37,654 [INFO] 交易日: 2025-07-25
2025-07-26 17:24:37,654 [INFO] 符合条件股票数: 0
2025-07-26 17:24:37,654 [INFO] 无符合条件股票
2025-07-26 17:24:37,654 [INFO] PeakKDJSelector初始化完成
2025-07-26 17:24:38,131 [INFO] PeakKDJSelector 共选出 0 只股票
2025-07-26 17:24:38,131 [INFO] 
2025-07-26 17:24:38,131 [INFO] ============== 选股结果 [填坑战法] ==============
2025-07-26 17:24:38,131 [INFO] 交易日: 2025-07-25
2025-07-26 17:24:38,131 [INFO] 符合条件股票数: 0
2025-07-26 17:24:38,131 [INFO] 无符合条件股票
