2025-07-26 21:07:43,536 [INFO] 从 appendix_hk.json 加载了 69 只港股
2025-07-26 21:07:43,536 [INFO] 开始加载港股数据...
2025-07-26 21:07:43,563 [WARNING] 港股数据文件不存在: hk_data/001_hk.csv
2025-07-26 21:07:43,606 [INFO] 成功加载 68 只港股数据
2025-07-26 21:07:43,606 [INFO] 加载选股器配置...
2025-07-26 21:07:43,606 [INFO] 加载了 4 个选股器配置
2025-07-26 21:07:43,985 [INFO] 运行选股器: 港股少妇战法
2025-07-26 21:07:44,018 [INFO] 
2025-07-26 21:07:44,018 [INFO] ============== 港股选股结果 [港股少妇战法] ==============
2025-07-26 21:07:44,018 [INFO] 选股日期: 2025-07-25
2025-07-26 21:07:44,018 [INFO] 符合条件港股数: 0
2025-07-26 21:07:44,018 [INFO]   无符合条件的港股
2025-07-26 21:07:44,018 [INFO] ============================================================
2025-07-26 21:07:44,018 [INFO] 运行选股器: 港股补票战法
2025-07-26 21:07:44,200 [INFO] 
2025-07-26 21:07:44,201 [INFO] ============== 港股选股结果 [港股补票战法] ==============
2025-07-26 21:07:44,201 [INFO] 选股日期: 2025-07-25
2025-07-26 21:07:44,201 [INFO] 符合条件港股数: 0
2025-07-26 21:07:44,201 [INFO]   无符合条件的港股
2025-07-26 21:07:44,201 [INFO] ============================================================
2025-07-26 21:07:44,201 [INFO] 运行选股器: 港股TePu战法
2025-07-26 21:07:44,280 [INFO] 
2025-07-26 21:07:44,280 [INFO] ============== 港股选股结果 [港股TePu战法] ==============
2025-07-26 21:07:44,280 [INFO] 选股日期: 2025-07-25
2025-07-26 21:07:44,280 [INFO] 符合条件港股数: 0
2025-07-26 21:07:44,280 [INFO]   无符合条件的港股
2025-07-26 21:07:44,280 [INFO] ============================================================
2025-07-26 21:07:44,280 [INFO] 运行选股器: 港股填坑战法
2025-07-26 21:07:44,388 [INFO] 
2025-07-26 21:07:44,388 [INFO] ============== 港股选股结果 [港股填坑战法] ==============
2025-07-26 21:07:44,388 [INFO] 选股日期: 2025-07-25
2025-07-26 21:07:44,388 [INFO] 符合条件港股数: 0
2025-07-26 21:07:44,388 [INFO]   无符合条件的港股
2025-07-26 21:07:44,388 [INFO] ============================================================
2025-07-26 21:07:44,389 [INFO] 
2025-07-26 21:07:44,389 [INFO] ================ 港股选股汇总 ================
2025-07-26 21:07:44,389 [INFO] 总计选中港股数: 0
2025-07-26 21:07:44,389 [INFO] ============================================================
2025-07-26 22:42:04,484 [INFO] 从 appendix_hk.json 加载了 109 只港股
2025-07-26 22:42:04,484 [INFO] 开始加载港股数据...
2025-07-26 22:42:04,511 [WARNING] 港股数据文件不存在: hk_data/001_hk.csv
2025-07-26 22:42:04,553 [WARNING] 港股数据文件不存在: hk_data/09887_hk.csv
2025-07-26 22:42:04,553 [WARNING] 港股数据文件不存在: hk_data/09678_hk.csv
2025-07-26 22:42:04,553 [WARNING] 港股数据文件不存在: hk_data/06168_hk.csv
2025-07-26 22:42:04,553 [WARNING] 港股数据文件不存在: hk_data/02609_hk.csv
2025-07-26 22:42:04,553 [WARNING] 港股数据文件不存在: hk_data/02629_hk.csv
2025-07-26 22:42:04,553 [WARNING] 港股数据文件不存在: hk_data/06613_hk.csv
2025-07-26 22:42:04,553 [WARNING] 港股数据文件不存在: hk_data/02590_hk.csv
2025-07-26 22:42:04,553 [WARNING] 港股数据文件不存在: hk_data/01828_hk.csv
2025-07-26 22:42:04,553 [WARNING] 港股数据文件不存在: hk_data/09896_hk.csv
2025-07-26 22:42:04,553 [WARNING] 港股数据文件不存在: hk_data/01318_hk.csv
2025-07-26 22:42:04,553 [WARNING] 港股数据文件不存在: hk_data/02097_hk.csv
2025-07-26 22:42:04,553 [WARNING] 港股数据文件不存在: hk_data/06181_hk.csv
2025-07-26 22:42:04,553 [WARNING] 港股数据文件不存在: hk_data/02050_hk.csv
2025-07-26 22:42:04,553 [WARNING] 港股数据文件不存在: hk_data/01276_hk.csv
2025-07-26 22:42:04,553 [WARNING] 港股数据文件不存在: hk_data/02105_hk.csv
2025-07-26 22:42:04,554 [WARNING] 港股数据文件不存在: hk_data/09959_hk.csv
2025-07-26 22:42:04,555 [WARNING] 港股数据文件不存在: hk_data/06060_hk.csv
2025-07-26 22:42:04,555 [WARNING] 港股数据文件不存在: hk_data/01788_hk.csv
2025-07-26 22:42:04,555 [WARNING] 港股数据文件不存在: hk_data/02105_hk.csv
2025-07-26 22:42:04,555 [WARNING] 港股数据文件不存在: hk_data/01513_hk.csv
2025-07-26 22:42:04,555 [WARNING] 港股数据文件不存在: hk_data/09926_hk.csv
2025-07-26 22:42:04,555 [WARNING] 港股数据文件不存在: hk_data/01530_hk.csv
2025-07-26 22:42:04,555 [WARNING] 港股数据文件不存在: hk_data/06160_hk.csv
2025-07-26 22:42:04,555 [WARNING] 港股数据文件不存在: hk_data/02186_hk.csv
2025-07-26 22:42:04,556 [WARNING] 港股数据文件不存在: hk_data/09880_hk.csv
2025-07-26 22:42:04,556 [WARNING] 港股数据文件不存在: hk_data/02432_hk.csv
2025-07-26 22:42:04,556 [WARNING] 港股数据文件不存在: hk_data/09660_hk.csv
2025-07-26 22:42:04,556 [WARNING] 港股数据文件不存在: hk_data/09698_hk.csv
2025-07-26 22:42:04,556 [WARNING] 港股数据文件不存在: hk_data/03690_hk.csv
2025-07-26 22:42:04,556 [WARNING] 港股数据文件不存在: hk_data/09880_hk.csv
2025-07-26 22:42:04,556 [WARNING] 港股数据文件不存在: hk_data/02498_hk.csv
2025-07-26 22:42:04,556 [WARNING] 港股数据文件不存在: hk_data/03896_hk.csv
2025-07-26 22:42:04,556 [WARNING] 港股数据文件不存在: hk_data/02013_hk.csv
2025-07-26 22:42:04,557 [WARNING] 港股数据文件不存在: hk_data/09626_hk.csv
2025-07-26 22:42:04,557 [WARNING] 港股数据文件不存在: hk_data/09992_hk.csv
2025-07-26 22:42:04,557 [WARNING] 港股数据文件不存在: hk_data/01919_hk.csv
2025-07-26 22:42:04,557 [WARNING] 港股数据文件不存在: hk_data/09863_hk.csv
2025-07-26 22:42:04,557 [WARNING] 港股数据文件不存在: hk_data/06186_hk.csv
2025-07-26 22:42:04,557 [INFO] 成功加载 68 只港股数据
2025-07-26 22:42:04,558 [INFO] 加载选股器配置...
2025-07-26 22:42:04,558 [INFO] 加载了 4 个选股器配置
2025-07-26 22:42:04,849 [INFO] 运行选股器: 港股少妇战法
2025-07-26 22:42:04,883 [INFO] 
2025-07-26 22:42:04,883 [INFO] ============== 港股选股结果 [港股少妇战法] ==============
2025-07-26 22:42:04,883 [INFO] 选股日期: 2025-07-25
2025-07-26 22:42:04,883 [INFO] 符合条件港股数: 0
2025-07-26 22:42:04,883 [INFO]   无符合条件的港股
2025-07-26 22:42:04,883 [INFO] ============================================================
2025-07-26 22:42:04,883 [INFO] 运行选股器: 港股补票战法
2025-07-26 22:42:05,074 [INFO] 
2025-07-26 22:42:05,074 [INFO] ============== 港股选股结果 [港股补票战法] ==============
2025-07-26 22:42:05,074 [INFO] 选股日期: 2025-07-25
2025-07-26 22:42:05,074 [INFO] 符合条件港股数: 0
2025-07-26 22:42:05,074 [INFO]   无符合条件的港股
2025-07-26 22:42:05,074 [INFO] ============================================================
2025-07-26 22:42:05,074 [INFO] 运行选股器: 港股TePu战法
2025-07-26 22:42:05,154 [INFO] 
2025-07-26 22:42:05,154 [INFO] ============== 港股选股结果 [港股TePu战法] ==============
2025-07-26 22:42:05,154 [INFO] 选股日期: 2025-07-25
2025-07-26 22:42:05,155 [INFO] 符合条件港股数: 0
2025-07-26 22:42:05,155 [INFO]   无符合条件的港股
2025-07-26 22:42:05,155 [INFO] ============================================================
2025-07-26 22:42:05,155 [INFO] 运行选股器: 港股填坑战法
2025-07-26 22:42:05,262 [INFO] 
2025-07-26 22:42:05,262 [INFO] ============== 港股选股结果 [港股填坑战法] ==============
2025-07-26 22:42:05,262 [INFO] 选股日期: 2025-07-25
2025-07-26 22:42:05,262 [INFO] 符合条件港股数: 0
2025-07-26 22:42:05,262 [INFO]   无符合条件的港股
2025-07-26 22:42:05,262 [INFO] ============================================================
2025-07-26 22:42:05,262 [INFO] 
2025-07-26 22:42:05,262 [INFO] ================ 港股选股汇总 ================
2025-07-26 22:42:05,262 [INFO] 总计选中港股数: 0
2025-07-26 22:42:05,263 [INFO] ============================================================
